Vivado Simulator 2019.2
Copyright 1986-1999, 2001-2019 Xilinx, Inc. All Rights Reserved.
Running: C:/Xilinx/Vivado/2019.2/bin/unwrapped/win64.o/xelab.exe -wto a93b8d3d53314a189976959a609e34ca --incr --debug typical --relax --mt 2 -L xil_defaultlib -L secureip --snapshot tb_gcd_behav xil_defaultlib.tb_gcd -log elaborate.log 
Using 2 slave threads.
Starting static elaboration
Completed static elaboration
Starting simulation data flow analysis
Completed simulation data flow analysis
Time Resolution for simulation is 1ps
Compiling package std.standard
Compiling package std.textio
Compiling package ieee.std_logic_1164
Compiling package ieee.std_logic_arith
Compiling package ieee.std_logic_unsigned
Compiling package ieee.numeric_std
Compiling architecture behavioral of entity xil_defaultlib.Debounce [debounce_default]
Compiling architecture behavioral of entity xil_defaultlib.create_pulse [create_pulse_default]
Compiling architecture behavioral of entity xil_defaultlib.gcd [gcd_default]
Compiling architecture behavioral of entity xil_defaultlib.disp7 [disp7_default]
Compiling architecture behavioral of entity xil_defaultlib.Main_gcd [main_gcd_default]
Compiling architecture behavioral of entity xil_defaultlib.tb_gcd
Built simulation snapshot tb_gcd_behav
