#
# A fatal error has been detected by the Java Runtime Environment:
#
#  EXCEPTION_ACCESS_VIOLATION (0xc0000005) at pc=0x00007ffbebad1b49, pid=17296, tid=20552
#
# JRE version: Java(TM) SE Runtime Environment (9.0+11) (build 9.0.4+11)
# Java VM: Java HotSpot(TM) 64-Bit Server VM (9.0.4+11, mixed mode, tiered, compressed oops, g1 gc, windows-amd64)
# Problematic frame:
# C  0x00007ffbebad1b49
#
# No core dump will be written. Minidumps are not enabled by default on client versions of Windows
#
# If you would like to submit a bug report, please visit:
#   http://bugreport.java.com/bugreport/crash.jsp
# The crash happened outside the Java Virtual Machine in native code.
# See problematic frame for where to report the bug.
#

---------------  S U M M A R Y ------------

Command Line: -Dsun.java2d.pmoffscreen=false -Dsun.java2d.xrender=false -Dsun.java2d.d3d=false -Dsun.awt.nopixfmt=true -Dsun.java2d.dpiaware=true -Dsun.java2d.uiScale.enabled=false -Xverify:none -Dswing.aatext=true -XX:-UsePerfData -Djdk.map.althashing.threshold=512 -XX:StringTableSize=4072 --add-opens=java.base/java.nio=ALL-UNNAMED --add-opens=java.desktop/sun.swing=ALL-UNNAMED --add-opens=java.desktop/javax.swing=ALL-UNNAMED --add-opens=java.desktop/javax.swing.tree=ALL-UNNAMED --add-opens=java.desktop/javax.swing.plaf.basic=ALL-UNNAMED --add-opens=java.desktop/javax.swing.plaf.synth=ALL-UNNAMED --add-opens=java.desktop/com.sun.awt=ALL-UNNAMED -XX:NewSize=60m -XX:MaxNewSize=60m -Xms128m -Xmx3072m -Xss5m 

Host: Intel(R) Pentium(R) CPU 5405U @ 2.30GHz, 4 cores, 7G,  Windows 10 , 64 bit Build 19041 (10.0.19041.3393)
Time: Sun Oct 01 20:38:44 2023 Hora estándar central (México) elapsed time: 27708 seconds (0d 7h 41m 48s)

---------------  T H R E A D  ---------------

Current thread (0x000001b95fb9c000):  JavaThread "AWT-EventQueue-0" [_thread_in_native, id=20552, stack(0x000000546ab00000,0x000000546b000000)]

Stack: [0x000000546ab00000,0x000000546b000000],  sp=0x000000546aff4f00,  free space=5075k
Native frames: (J=compiled Java code, j=interpreted, Vv=VM code, C=native code)
C  0x00007ffbebad1b49
C  0x00007ffbebae5827
C  0x00007ffbebae5532
C  0x00007ffbebacb256
C  [librdi_wavedata.dll+0x125f70]
C  [librdi_wavedata.dll+0x1486be]
C  [librdi_wavedata.dll+0x1e1fae]
C  [librdi_wavedata.dll+0x1e1ecf]
C  [librdi_wavedata.dll+0x20b340]
C  [librdi_wavedata.dll+0x20b020]
C  [librdi_wavedata.dll+0x26882b]
C  [librdi_wavedata.dll+0x26a243]
C  [librdi_wavedata.dll+0x2430a0]
C  [librdi_wavedata.dll+0x24311d]
C  [librdi_wavedata.dll+0x2431c1]
C  [librdi_wavedata.dll+0x2696b4]
C  [librdi_wavedata.dll+0x239746]
C  [librdi_wavedata.dll+0x239515]
C  [librdi_wavedata.dll+0x275ccf]
C  0x000001b96688919c

Java frames: (J=compiled Java code, j=interpreted, Vv=VM code)
j  ui.views.waveform.waveformi.WVExecutive_getGraphicsDataSize(J)J+0
j  ui.views.waveform.executive.a.gZe()Ljava/io/ByteArrayInputStream;+8
j  ui.views.waveform.b.a.gYQ()V+7
j  ui.views.waveform.b.a.giU()V+1
j  ui.views.waveform.m.gYa()V+4
j  ui.views.waveform.m.cZO()V+11
j  ui.views.waveform.w.cZO()V+29
j  ui.views.waveform.c.b.j(Lui/frmwork/b/i;)V+92
j  ui.views.waveform.w.a(Lui/frmwork/b/i;)V+13
J 18789 c1 ui.frmwork.b.l.d(Lui/frmwork/b/i;)V (61 bytes) @ 0x000001b968358c9c [0x000001b968358440+0x000000000000085c]
J 13605 c1 ui.frmwork.G.i(JZ)V (471 bytes) @ 0x000001b968e06e2c [0x000001b968e02640+0x00000000000047ec]
J 18772 c1 ui.frmwork.G.fireTclEvent(J)I (113 bytes) @ 0x000001b9683f084c [0x000001b9683f0040+0x000000000000080c]
v  ~StubRoutines::call_stub
j  ui.views.waveform.waveformi.WVExecutive_processModelEvent(JJ)V+0
j  ui.views.waveform.executive.a.eR(J)V+5
j  ui.views.waveform.c.b.eQ(J)V+8
j  ui.views.waveform.c.b.j(Lui/frmwork/b/i;)V+133
j  ui.views.waveform.w.a(Lui/frmwork/b/i;)V+13
J 18789 c1 ui.frmwork.b.l.d(Lui/frmwork/b/i;)V (61 bytes) @ 0x000001b968358c9c [0x000001b968358440+0x000000000000085c]
J 13605 c1 ui.frmwork.G.i(JZ)V (471 bytes) @ 0x000001b968e06e2c [0x000001b968e02640+0x00000000000047ec]
J 18799 c1 ui.frmwork.G$$Lambda$205.run()V (12 bytes) @ 0x000001b9683632dc [0x000001b968363200+0x00000000000000dc]
J 12999 c2 java.awt.EventQueue$3.run()Ljava/lang/Object; java.desktop@9.0.4 (5 bytes) @ 0x000001b96ed4b1e0 [0x000001b96ed4aa00+0x00000000000007e0]
v  ~StubRoutines::call_stub
J 4419  java.security.AccessController.doPrivileged(Ljava/security/PrivilegedAction;Ljava/security/AccessControlContext;)Ljava/lang/Object; java.base@9.0.4 (0 bytes) @ 0x000001b96e3909c6 [0x000001b96e390960+0x0000000000000066]
J 11690 c2 java.awt.EventQueue.dispatchEvent(Ljava/awt/AWTEvent;)V java.desktop@9.0.4 (80 bytes) @ 0x000001b96ebf5c18 [0x000001b96ebf56c0+0x0000000000000558]
J 11691 c2 ui.frmwork.b.d.dispatchEvent(Ljava/awt/AWTEvent;)V (34 bytes) @ 0x000001b96ebf8a78 [0x000001b96ebf89a0+0x00000000000000d8]
J 20016 c2 java.awt.EventDispatchThread.pumpOneEventForFilters(I)V java.desktop@9.0.4 (218 bytes) @ 0x000001b96f5120dc [0x000001b96f511e80+0x000000000000025c]
J 22760 c2 java.awt.EventDispatchThread.pumpEventsForFilter(ILjava/awt/Conditional;Ljava/awt/EventFilter;)V java.desktop@9.0.4 (47 bytes) @ 0x000001b96e90020c [0x000001b96e9000c0+0x000000000000014c]
j  java.awt.EventDispatchThread.pumpEventsForFilter(Ljava/awt/Conditional;Ljava/awt/EventFilter;)V+4 java.desktop@9.0.4
j  java.awt.WaitDispatchSupport$2.run()V+59 java.desktop@9.0.4
j  java.awt.WaitDispatchSupport$4.run()Ljava/lang/Void;+4 java.desktop@9.0.4
j  java.awt.WaitDispatchSupport$4.run()Ljava/lang/Object;+1 java.desktop@9.0.4
v  ~StubRoutines::call_stub
J 1023  java.security.AccessController.doPrivileged(Ljava/security/PrivilegedAction;)Ljava/lang/Object; java.base@9.0.4 (0 bytes) @ 0x000001b96e399ab2 [0x000001b96e399a60+0x0000000000000052]
j  java.awt.WaitDispatchSupport.enter()Z+260 java.desktop@9.0.4
j  java.awt.Dialog.show()V+225 java.desktop@9.0.4
J 9176 c1 java.awt.Component.setVisible(Z)V java.desktop@9.0.4 (6 bytes) @ 0x000001b968331d4c [0x000001b968331b60+0x00000000000001ec]
j  java.awt.Window.setVisible(Z)V+2 java.desktop@9.0.4
j  java.awt.Dialog.setVisible(Z)V+2 java.desktop@9.0.4
j  ui.b.c.g.setVisible(Z)V+2
j  ui.b.c.bB.showDialog()V+64
j  ui.b.c.bI.actionPerformed(Ljava/awt/event/ActionEvent;)V+8
j  ui.b.c.bB.cSz()V+396
j  ui.views.c.t.b.a.run()V+60
j  ui.frmwork.a.epE()Z+66
j  ui.frmwork.Y.erq()V+42
j  ui.bm.actionPerformed(Ljava/awt/event/ActionEvent;)V+25
j  javax.swing.AbstractButton.fireActionPerformed(Ljava/awt/event/ActionEvent;)V+84 java.desktop@9.0.4
j  ui.utils.p.b.E.fireActionPerformed(Ljava/awt/event/ActionEvent;)V+7
j  javax.swing.AbstractButton$Handler.actionPerformed(Ljava/awt/event/ActionEvent;)V+5 java.desktop@9.0.4
j  javax.swing.DefaultButtonModel.fireActionPerformed(Ljava/awt/event/ActionEvent;)V+34 java.desktop@9.0.4
J 21862 c1 javax.swing.DefaultButtonModel.setPressed(Z)V java.desktop@9.0.4 (125 bytes) @ 0x000001b96774e8c4 [0x000001b96774da00+0x0000000000000ec4]
j  javax.swing.plaf.basic.BasicButtonListener.mouseReleased(Ljava/awt/event/MouseEvent;)V+35 java.desktop@9.0.4
j  com.jidesoft.plaf.basic.BasicJideButtonListener.mouseReleased(Ljava/awt/event/MouseEvent;)V+61
J 17557 c1 java.awt.AWTEventMulticaster.mouseReleased(Ljava/awt/event/MouseEvent;)V java.desktop@9.0.4 (27 bytes) @ 0x000001b967f5260c [0x000001b967f52400+0x000000000000020c]
J 17557 c1 java.awt.AWTEventMulticaster.mouseReleased(Ljava/awt/event/MouseEvent;)V java.desktop@9.0.4 (27 bytes) @ 0x000001b967f5260c [0x000001b967f52400+0x000000000000020c]
J 17557 c1 java.awt.AWTEventMulticaster.mouseReleased(Ljava/awt/event/MouseEvent;)V java.desktop@9.0.4 (27 bytes) @ 0x000001b967f5260c [0x000001b967f52400+0x000000000000020c]
J 22254 c2 javax.swing.JComponent.processMouseEvent(Ljava/awt/event/MouseEvent;)V java.desktop@9.0.4 (27 bytes) @ 0x000001b96e8d38e4 [0x000001b96e8d37a0+0x0000000000000144]
J 11391 c2 java.awt.Container.processEvent(Ljava/awt/AWTEvent;)V java.desktop@9.0.4 (22 bytes) @ 0x000001b96eb95440 [0x000001b96eb95320+0x0000000000000120]
J 20428 c2 java.awt.Component.dispatchEventImpl(Ljava/awt/AWTEvent;)V java.desktop@9.0.4 (739 bytes) @ 0x000001b96f5bd350 [0x000001b96f5bcb40+0x0000000000000810]
J 19310 c2 java.awt.Container.dispatchEventImpl(Ljava/awt/AWTEvent;)V java.desktop@9.0.4 (129 bytes) @ 0x000001b96f3ec048 [0x000001b96f3ebb80+0x00000000000004c8]
J 15122 c2 java.awt.LightweightDispatcher.retargetMouseEvent(Ljava/awt/Component;ILjava/awt/event/MouseEvent;)V java.desktop@9.0.4 (350 bytes) @ 0x000001b96efaafc0 [0x000001b96efaaa60+0x0000000000000560]
J 19310 c2 java.awt.Container.dispatchEventImpl(Ljava/awt/AWTEvent;)V java.desktop@9.0.4 (129 bytes) @ 0x000001b96f3ebe84 [0x000001b96f3ebb80+0x0000000000000304]
J 16391 c2 java.awt.Window.dispatchEventImpl(Ljava/awt/AWTEvent;)V java.desktop@9.0.4 (23 bytes) @ 0x000001b96e8f2b8c [0x000001b96e8f2b40+0x000000000000004c]
J 12999 c2 java.awt.EventQueue$3.run()Ljava/lang/Object; java.desktop@9.0.4 (5 bytes) @ 0x000001b96ed4affc [0x000001b96ed4aa00+0x00000000000005fc]
v  ~StubRoutines::call_stub
J 4419  java.security.AccessController.doPrivileged(Ljava/security/PrivilegedAction;Ljava/security/AccessControlContext;)Ljava/lang/Object; java.base@9.0.4 (0 bytes) @ 0x000001b96e3909c6 [0x000001b96e390960+0x0000000000000066]
J 15856 c2 java.awt.EventQueue$4.run()Ljava/lang/Object; java.desktop@9.0.4 (5 bytes) @ 0x000001b96f0ed040 [0x000001b96f0ecde0+0x0000000000000260]
v  ~StubRoutines::call_stub
J 4419  java.security.AccessController.doPrivileged(Ljava/security/PrivilegedAction;Ljava/security/AccessControlContext;)Ljava/lang/Object; java.base@9.0.4 (0 bytes) @ 0x000001b96e3909c6 [0x000001b96e390960+0x0000000000000066]
J 11690 c2 java.awt.EventQueue.dispatchEvent(Ljava/awt/AWTEvent;)V java.desktop@9.0.4 (80 bytes) @ 0x000001b96ebf5a40 [0x000001b96ebf56c0+0x0000000000000380]
J 11691 c2 ui.frmwork.b.d.dispatchEvent(Ljava/awt/AWTEvent;)V (34 bytes) @ 0x000001b96ebf8a78 [0x000001b96ebf89a0+0x00000000000000d8]
J 20016 c2 java.awt.EventDispatchThread.pumpOneEventForFilters(I)V java.desktop@9.0.4 (218 bytes) @ 0x000001b96f5120dc [0x000001b96f511e80+0x000000000000025c]
J 16051% c2 java.awt.EventDispatchThread.pumpEventsForFilter(ILjava/awt/Conditional;Ljava/awt/EventFilter;)V java.desktop@9.0.4 (47 bytes) @ 0x000001b96e4a4240 [0x000001b96e4a4140+0x0000000000000100]
j  java.awt.EventDispatchThread.pumpEventsForHierarchy(ILjava/awt/Conditional;Ljava/awt/Component;)V+11 java.desktop@9.0.4
j  java.awt.EventDispatchThread.pumpEvents(ILjava/awt/Conditional;)V+4 java.desktop@9.0.4
j  java.awt.EventDispatchThread.pumpEvents(Ljava/awt/Conditional;)V+3 java.desktop@9.0.4
j  java.awt.EventDispatchThread.run()V+9 java.desktop@9.0.4
v  ~StubRoutines::call_stub

siginfo: EXCEPTION_ACCESS_VIOLATION (0xc0000005), reading address 0x0000000000000044


Register to memory mapping:

RIP=0x00007ffbebad1b49 is an unknown value
RAX=0x000001b912362ce0 is an unknown value
RBX=0x000001b904370eb0 is an unknown value
RCX=0x0000000000000000 is an unknown value
RDX=0x000001b905fcd600 is an unknown value
RSP=0x000000546aff4f00 is pointing into the stack for thread: 0x000001b95fb9c000
RBP=0x000000546aff50a0 is pointing into the stack for thread: 0x000001b95fb9c000
RSI=0x0000000000000000 is an unknown value
RDI=0x000000546aff5060 is pointing into the stack for thread: 0x000001b95fb9c000
R8 =0x000000546aff4fa0 is pointing into the stack for thread: 0x000001b95fb9c000
R9 =0x0000000000000018 is an unknown value
R10=0x0000000000000000 is an unknown value
R11=0x0084000000000212 is an unknown value
R12=0x000001b915dea5c0 is an unknown value
R13=0x0000000000000001 is an unknown value
R14=0x000001b905fcd600 is an unknown value
R15=0x000000546aff4fa0 is pointing into the stack for thread: 0x000001b95fb9c000


Registers:
RAX=0x000001b912362ce0, RBX=0x000001b904370eb0, RCX=0x0000000000000000, RDX=0x000001b905fcd600
RSP=0x000000546aff4f00, RBP=0x000000546aff50a0, RSI=0x0000000000000000, RDI=0x000000546aff5060
R8 =0x000000546aff4fa0, R9 =0x0000000000000018, R10=0x0000000000000000, R11=0x0084000000000212
R12=0x000001b915dea5c0, R13=0x0000000000000001, R14=0x000001b905fcd600, R15=0x000000546aff4fa0
RIP=0x00007ffbebad1b49, EFLAGS=0x0000000000010206

Top of Stack: (sp=0x000000546aff4f00)
0x000000546aff4f00:   000000546aff5630 0000000000000000
0x000000546aff4f10:   0000000000000000 000001b915dea5c0
0x000000546aff4f20:   000001b904370eb0 0000000000000004
0x000000546aff4f30:   fffffffffffffffe 00007ffc83e2fde6
0x000000546aff4f40:   0000000000000000 00000000000004f8
0x000000546aff4f50:   000000546aff5630 0000000000000000
0x000000546aff4f60:   000000546aff5060 00007ffbebae5827
0x000000546aff4f70:   00000000000004f8 000001b904370eb0
0x000000546aff4f80:   000001b912362ce0 000001b9175cecd8
0x000000546aff4f90:   000001b904370eb0 00007ffbebae5532
0x000000546aff4fa0:   000001b904370eb0 000001b9175cecb0
0x000000546aff4fb0:   0000000000000004 000001b9175cecb0
0x000000546aff4fc0:   000001b9175cecb0 0000000000000000
0x000000546aff4fd0:   0000000000000000 000001b915dea5c0
0x000000546aff4fe0:   0000000000000000 000001b9175cdef0
0x000000546aff4ff0:   0000000000000001 0000000000000000 

Instructions: (pc=0x00007ffbebad1b49)
0x00007ffbebad1b29:   50 48 c7 44 24 30 fe ff ff ff 48 89 5c 24 78 48
0x00007ffbebad1b39:   89 b4 24 80 00 00 00 4d 8b f8 4c 8b f2 48 8b f1
0x00007ffbebad1b49:   83 79 44 00 75 07 33 c0 e9 da 00 00 00 33 db 39
0x00007ffbebad1b59:   59 44 75 04 8b c3 eb 06 48 8b 41 48 8b 00 8b d0 



---------------  P R O C E S S  ---------------

Java Threads: ( => current thread )
  0x000001b902847000 JavaThread "Relaunch Simulation Thread" [_thread_blocked, id=21392, stack(0x0000005470d00000,0x0000005471200000)]
  0x000001b902851800 JavaThread "Monitor File Timestamp Swing Worker Thread" [_thread_blocked, id=20984, stack(0x0000005470300000,0x0000005470800000)]
  0x000001b90284e800 JavaThread "Timer-5" [_thread_blocked, id=18948, stack(0x000000546f900000,0x000000546fe00000)]
  0x000001b95d3df000 JavaThread "Monitor File Timestamp Swing Worker Thread" [_thread_blocked, id=13652, stack(0x0000005471700000,0x0000005471c00000)]
  0x000001b95d3de800 JavaThread "Timer-4" [_thread_blocked, id=14284, stack(0x0000005470800000,0x0000005470d00000)]
  0x000001b90284c800 JavaThread "Monitor File Timestamp Swing Worker Thread" [_thread_blocked, id=12144, stack(0x000000546e500000,0x000000546ea00000)]
  0x000001b90284a000 JavaThread "Timer-1" [_thread_blocked, id=9532, stack(0x000000546d100000,0x000000546d600000)]
  0x000001b90284b800 JavaThread "Swing-Shell" daemon [_thread_blocked, id=20712, stack(0x000000546ea00000,0x000000546ef00000)]
  0x000001b90284f800 JavaThread "Update Runs Swing Worker Thread" [_thread_blocked, id=13016, stack(0x000000546fe00000,0x0000005470300000)]
  0x000001b902844000 JavaThread "Refresh Filesets Swing Worker Thread" [_thread_blocked, id=13560, stack(0x000000546ef00000,0x000000546f400000)]
  0x000001b902849800 JavaThread "SyntheticaAnimation 50" daemon [_thread_blocked, id=24120, stack(0x000000546e000000,0x000000546e500000)]
  0x000001b902848000 JavaThread "ForkJoinPool.commonPool-worker-1" daemon [_thread_blocked, id=1852, stack(0x000000546db00000,0x000000546e000000)]
  0x000001b90284e000 JavaThread "SyntheticaAnimation 50" daemon [_thread_blocked, id=19804, stack(0x000000546f400000,0x000000546f900000)]
  0x000001b902848800 JavaThread "Image Animator 0" daemon [_thread_blocked, id=8232, stack(0x000000546ba00000,0x000000546bf00000)]
  0x000001b902845800 JavaThread "hw_ila_monitor" [_thread_blocked, id=21436, stack(0x000000546d600000,0x000000546db00000)]
  0x000001b95d3e2000 JavaThread "SyntheticaAnimation 70" daemon [_thread_blocked, id=15956, stack(0x000000546cc00000,0x000000546d100000)]
  0x000001b95d3dd000 JavaThread "SyntheticaAnimation 25" daemon [_thread_blocked, id=10368, stack(0x000000546c700000,0x000000546cc00000)]
  0x000001b95d3e0000 JavaThread "SyntheticaAnimation 50" daemon [_thread_blocked, id=22500, stack(0x000000546c200000,0x000000546c700000)]
  0x000001b95d3dc000 JavaThread "SyntheticaCleanerThread" daemon [_thread_blocked, id=23728, stack(0x000000546a100000,0x000000546a600000)]
  0x000001b95f6e6800 JavaThread "Batik CleanerThread" daemon [_thread_blocked, id=4548, stack(0x000000546b500000,0x000000546ba00000)]
  0x000001b95f7ee800 JavaThread "Process Messages Thread" [_thread_blocked, id=19848, stack(0x000000546b000000,0x000000546b500000)]
  0x000001b9003c6000 JavaThread "Thread-1" [_thread_in_native, id=23452, stack(0x0000005464800000,0x0000005465c00000)]
=>0x000001b95fb9c000 JavaThread "AWT-EventQueue-0" [_thread_in_native, id=20552, stack(0x000000546ab00000,0x000000546b000000)]
  0x000001b95f515000 JavaThread "AWT-Shutdown" [_thread_blocked, id=26240, stack(0x000000546a600000,0x000000546ab00000)]
  0x000001b95fcb2000 JavaThread "TimerQueue" daemon [_thread_blocked, id=20616, stack(0x0000005469700000,0x0000005469c00000)]
  0x000001b95f37a000 JavaThread "AWT-Windows" daemon [_thread_in_native, id=16352, stack(0x0000005469c00000,0x000000546a100000)]
  0x000001b95f608000 JavaThread "Java2D Disposer" daemon [_thread_blocked, id=15168, stack(0x0000005469200000,0x0000005469700000)]
  0x000001b95ee31800 JavaThread "Service Thread" daemon [_thread_blocked, id=11184, stack(0x0000005468c00000,0x0000005469100000)]
  0x000001b95d8e7800 JavaThread "Common-Cleaner" daemon [_thread_blocked, id=21940, stack(0x0000005468700000,0x0000005468c00000)]
  0x000001b95d3e1800 JavaThread "Sweeper thread" daemon [_thread_blocked, id=20900, stack(0x0000005468200000,0x0000005468700000)]
  0x000001b95d894000 JavaThread "C1 CompilerThread2" daemon [_thread_blocked, id=23732, stack(0x0000005468100000,0x0000005468200000)]
  0x000001b95d893800 JavaThread "C2 CompilerThread1" daemon [_thread_blocked, id=25400, stack(0x0000005468000000,0x0000005468100000)]
  0x000001b95c083000 JavaThread "C2 CompilerThread0" daemon [_thread_blocked, id=25696, stack(0x0000005467f00000,0x0000005468000000)]
  0x000001b95d3ea000 JavaThread "Attach Listener" daemon [_thread_blocked, id=4552, stack(0x0000005467a00000,0x0000005467f00000)]
  0x000001b9589b3800 JavaThread "Signal Dispatcher" daemon [_thread_blocked, id=23128, stack(0x0000005467500000,0x0000005467a00000)]
  0x000001b958937000 JavaThread "Finalizer" daemon [_thread_blocked, id=24168, stack(0x0000005467000000,0x0000005467500000)]
  0x000001b958936800 JavaThread "Reference Handler" daemon [_thread_blocked, id=14252, stack(0x0000005466b00000,0x0000005467000000)]
  0x000001b95e57d800 JavaThread "main" [_thread_blocked, id=24036, stack(0x0000005465e00000,0x0000005465f00000)]

Other Threads:
  0x000001b95a482800 VMThread "VM Thread" [stack: 0x0000005466a00000,0x0000005466b00000] [id=16564]
  0x000001b95ee32000 WatcherThread [stack: 0x0000005469100000,0x0000005469200000] [id=7408]
  0x000001b95dc19800 GCTaskThread "GC Thread#0" [stack: 0x0000005465f00000,0x0000005466000000] [id=23272]
  0x000001b95d6e6000 GCTaskThread "GC Thread#1" [stack: 0x0000005466000000,0x0000005466100000] [id=8392]
  0x000001b95d6e9800 GCTaskThread "GC Thread#2" [stack: 0x0000005466100000,0x0000005466200000] [id=23352]
  0x000001b95d6e7000 GCTaskThread "GC Thread#3" [stack: 0x0000005466200000,0x0000005466300000] [id=2920]
  0x000001b95d6fb800 ConcurrentGCThread "G1 Main Marker" [stack: 0x0000005466800000,0x0000005466900000] [id=4324]
  0x000001b95d6e5800 ConcurrentGCThread "G1 Marker#0" [stack: 0x0000005466900000,0x0000005466a00000] [id=24580]
  0x000001b9589c8800 ConcurrentGCThread "G1 Refine#0" [stack: 0x0000005466600000,0x0000005466700000] [id=7864]
  0x000001b95d3fc000 ConcurrentGCThread "G1 Refine#1" [stack: 0x0000005466500000,0x0000005466600000] [id=23176]
  0x000001b95d3fb800 ConcurrentGCThread "G1 Refine#2" [stack: 0x0000005466400000,0x0000005466500000] [id=25372]
  0x000001b95e72e000 ConcurrentGCThread "G1 Refine#3" [stack: 0x0000005466300000,0x0000005466400000] [id=18740]
  0x000001b95bf73800 ConcurrentGCThread "G1 Young RemSet Sampling" [stack: 0x0000005466700000,0x0000005466800000] [id=7896]

Threads with active compile tasks:

VM state:not at safepoint (normal execution)

VM Mutex/Monitor currently owned by a thread: None

Heap address: 0x0000000700000000, size: 3072 MB, Compressed Oops mode: Zero based, Oop shift amount: 3
Narrow klass base: 0x0000000000000000, Narrow klass shift: 3
Compressed class space size: 1073741824 Address: 0x00000007c0000000

Heap:
 garbage-first heap   total 198656K, used 77086K [0x0000000700000000, 0x0000000700100610, 0x00000007c0000000)
  region size 1024K, 8 young (8192K), 1 survivors (1024K)
 Metaspace       used 88792K, capacity 91505K, committed 96768K, reserved 1132544K
  class space    used 11934K, capacity 12469K, committed 13568K, reserved 1048576K
Heap Regions: E=young(eden), S=young(survivor), O=old, HS=humongous(starts), HC=humongous(continues), CS=collection set, F=free, A=archive, TS=gc time stamp, AC=allocation context, TAMS=top-at-mark-start (previous, next)
|   0|0x0000000700000000, 0x00000007000f7698, 0x0000000700100000| 96%| O|  |TS  0|AC  0|TAMS 0x0000000700000000, 0x0000000700000000|
|   1|0x0000000700100000, 0x00000007001f8048, 0x0000000700200000| 96%| O|  |TS  0|AC  0|TAMS 0x0000000700100000, 0x0000000700100000|
|   2|0x0000000700200000, 0x00000007002cfa20, 0x0000000700300000| 81%| O|  |TS  0|AC  0|TAMS 0x0000000700200000, 0x0000000700200000|
|   3|0x0000000700300000, 0x00000007003f5140, 0x0000000700400000| 95%| O|  |TS  0|AC  0|TAMS 0x0000000700300000, 0x0000000700300000|
|   4|0x0000000700400000, 0x0000000700500000, 0x0000000700500000|100%|HS|  |TS  0|AC  0|TAMS 0x0000000700400000, 0x0000000700400000|
|   5|0x0000000700500000, 0x0000000700600000, 0x0000000700600000|100%|HC|  |TS  0|AC  0|TAMS 0x0000000700500000, 0x0000000700500000|
|   6|0x0000000700600000, 0x0000000700700000, 0x0000000700700000|100%|HS|  |TS  0|AC  0|TAMS 0x0000000700600000, 0x0000000700600000|
|   7|0x0000000700700000, 0x00000007007f1c78, 0x0000000700800000| 94%| O|  |TS  0|AC  0|TAMS 0x0000000700700000, 0x0000000700700000|
|   8|0x0000000700800000, 0x00000007008feb68, 0x0000000700900000| 99%| O|  |TS  0|AC  0|TAMS 0x0000000700800000, 0x0000000700800000|
|   9|0x0000000700900000, 0x00000007009f33e0, 0x0000000700a00000| 95%| O|  |TS  0|AC  0|TAMS 0x0000000700900000, 0x0000000700900000|
|  10|0x0000000700a00000, 0x0000000700b00000, 0x0000000700b00000|100%| O|  |TS  0|AC  0|TAMS 0x0000000700a00000, 0x0000000700a00000|
|  11|0x0000000700b00000, 0x0000000700bfbc60, 0x0000000700c00000| 98%| O|  |TS  0|AC  0|TAMS 0x0000000700b00000, 0x0000000700b00000|
|  12|0x0000000700c00000, 0x0000000700ccf888, 0x0000000700d00000| 81%| O|  |TS  0|AC  0|TAMS 0x0000000700c00000, 0x0000000700c00000|
|  13|0x0000000700d00000, 0x0000000700e00000, 0x0000000700e00000|100%| O|  |TS  0|AC  0|TAMS 0x0000000700d00000, 0x0000000700d00000|
|  14|0x0000000700e00000, 0x0000000700f00000, 0x0000000700f00000|100%| O|  |TS  0|AC  0|TAMS 0x0000000700e00000, 0x0000000700e00000|
|  15|0x0000000700f00000, 0x0000000700ffffb0, 0x0000000701000000| 99%| O|  |TS  0|AC  0|TAMS 0x0000000700f00000, 0x0000000700f00000|
|  16|0x0000000701000000, 0x00000007010ffff8, 0x0000000701100000| 99%| O|  |TS  0|AC  0|TAMS 0x0000000701000000, 0x0000000701000000|
|  17|0x0000000701100000, 0x00000007011ffff0, 0x0000000701200000| 99%| O|  |TS  0|AC  0|TAMS 0x0000000701100000, 0x0000000701100000|
|  18|0x0000000701200000, 0x00000007012ffff0, 0x0000000701300000| 99%| O|  |TS  0|AC  0|TAMS 0x0000000701200000, 0x0000000701200000|
|  19|0x0000000701300000, 0x00000007013fffe0, 0x0000000701400000| 99%| O|  |TS  0|AC  0|TAMS 0x0000000701300000, 0x0000000701300000|
|  20|0x0000000701400000, 0x00000007014fda90, 0x0000000701500000| 99%| O|  |TS  0|AC  0|TAMS 0x0000000701400000, 0x0000000701400000|
|  21|0x0000000701500000, 0x00000007015ffff0, 0x0000000701600000| 99%| O|  |TS  0|AC  0|TAMS 0x0000000701500000, 0x0000000701500000|
|  22|0x0000000701600000, 0x00000007016ffff8, 0x0000000701700000| 99%| O|  |TS  0|AC  0|TAMS 0x0000000701600000, 0x0000000701600000|
|  23|0x0000000701700000, 0x0000000701800000, 0x0000000701800000|100%| O|  |TS  0|AC  0|TAMS 0x0000000701700000, 0x0000000701700000|
|  24|0x0000000701800000, 0x00000007018ffff0, 0x0000000701900000| 99%| O|  |TS  0|AC  0|TAMS 0x0000000701800000, 0x0000000701800000|
|  25|0x0000000701900000, 0x00000007019fffc8, 0x0000000701a00000| 99%| O|  |TS  0|AC  0|TAMS 0x0000000701900000, 0x0000000701900000|
|  26|0x0000000701a00000, 0x0000000701b00000, 0x0000000701b00000|100%| O|  |TS  0|AC  0|TAMS 0x0000000701a00000, 0x0000000701a00000|
|  27|0x0000000701b00000, 0x0000000701bff370, 0x0000000701c00000| 99%| O|  |TS  0|AC  0|TAMS 0x0000000701b00000, 0x0000000701b00000|
|  28|0x0000000701c00000, 0x0000000701cfffd8, 0x0000000701d00000| 99%| O|  |TS  0|AC  0|TAMS 0x0000000701c00000, 0x0000000701c00000|
|  29|0x0000000701d00000, 0x0000000701e00000, 0x0000000701e00000|100%| O|  |TS  0|AC  0|TAMS 0x0000000701d00000, 0x0000000701d00000|
|  30|0x0000000701e00000, 0x0000000701ed4508, 0x0000000701f00000| 82%| O|  |TS  0|AC  0|TAMS 0x0000000701e00000, 0x0000000701e00000|
|  31|0x0000000701f00000, 0x0000000701ffffa8, 0x0000000702000000| 99%| O|  |TS  0|AC  0|TAMS 0x0000000701f00000, 0x0000000701f00000|
|  32|0x0000000702000000, 0x0000000702100000, 0x0000000702100000|100%| O|  |TS  0|AC  0|TAMS 0x0000000702000000, 0x0000000702000000|
|  33|0x0000000702100000, 0x0000000702200000, 0x0000000702200000|100%| O|  |TS  0|AC  0|TAMS 0x0000000702100000, 0x0000000702100000|
|  34|0x0000000702200000, 0x00000007022ffff8, 0x0000000702300000| 99%| O|  |TS  0|AC  0|TAMS 0x0000000702200000, 0x0000000702200000|
|  35|0x0000000702300000, 0x00000007023ffff0, 0x0000000702400000| 99%| O|  |TS  0|AC  0|TAMS 0x0000000702300000, 0x0000000702300000|
|  36|0x0000000702400000, 0x0000000702500000, 0x0000000702500000|100%| O|  |TS  0|AC  0|TAMS 0x0000000702400000, 0x0000000702400000|
|  37|0x0000000702500000, 0x00000007025fffe8, 0x0000000702600000| 99%| O|  |TS  0|AC  0|TAMS 0x0000000702500000, 0x0000000702500000|
|  38|0x0000000702600000, 0x00000007026ffdf0, 0x0000000702700000| 99%| O|  |TS  0|AC  0|TAMS 0x0000000702600000, 0x0000000702600000|
|  39|0x0000000702700000, 0x00000007027fff90, 0x0000000702800000| 99%| O|  |TS  0|AC  0|TAMS 0x0000000702700000, 0x0000000702700000|
|  40|0x0000000702800000, 0x0000000702900000, 0x0000000702900000|100%| O|  |TS  0|AC  0|TAMS 0x0000000702800000, 0x0000000702800000|
|  41|0x0000000702900000, 0x00000007029fffc0, 0x0000000702a00000| 99%| O|  |TS  0|AC  0|TAMS 0x0000000702900000, 0x0000000702900000|
|  42|0x0000000702a00000, 0x0000000702affff0, 0x0000000702b00000| 99%| O|  |TS  0|AC  0|TAMS 0x0000000702a00000, 0x0000000702a00000|
|  43|0x0000000702b00000, 0x0000000702bffe58, 0x0000000702c00000| 99%| O|  |TS  0|AC  0|TAMS 0x0000000702b00000, 0x0000000702b00000|
|  44|0x0000000702c00000, 0x0000000702cffef0, 0x0000000702d00000| 99%| O|  |TS  0|AC  0|TAMS 0x0000000702c00000, 0x0000000702c00000|
|  45|0x0000000702d00000, 0x0000000702dfff68, 0x0000000702e00000| 99%| O|  |TS  0|AC  0|TAMS 0x0000000702d00000, 0x0000000702d00000|
|  46|0x0000000702e00000, 0x0000000702effff0, 0x0000000702f00000| 99%| O|  |TS  0|AC  0|TAMS 0x0000000702e00000, 0x0000000702e00000|
|  47|0x0000000702f00000, 0x0000000703000000, 0x0000000703000000|100%|HS|  |TS  0|AC  0|TAMS 0x0000000702f00000, 0x0000000702f00000|
|  48|0x0000000703000000, 0x0000000703100000, 0x0000000703100000|100%|HC|  |TS  0|AC  0|TAMS 0x0000000703000000, 0x0000000703000000|
|  49|0x0000000703100000, 0x0000000703200000, 0x0000000703200000|100%|HC|  |TS  0|AC  0|TAMS 0x0000000703100000, 0x0000000703100000|
|  50|0x0000000703200000, 0x0000000703300000, 0x0000000703300000|100%|HC|  |TS  0|AC  0|TAMS 0x0000000703200000, 0x0000000703200000|
|  51|0x0000000703300000, 0x00000007033ffff0, 0x0000000703400000| 99%| O|  |TS  0|AC  0|TAMS 0x0000000703300000, 0x0000000703300000|
|  52|0x0000000703400000, 0x0000000703500000, 0x0000000703500000|100%| O|  |TS  0|AC  0|TAMS 0x0000000703400000, 0x0000000703400000|
|  53|0x0000000703500000, 0x00000007035fff80, 0x0000000703600000| 99%| O|  |TS  0|AC  0|TAMS 0x0000000703500000, 0x0000000703500000|
|  54|0x0000000703600000, 0x00000007036ffff0, 0x0000000703700000| 99%| O|  |TS  0|AC  0|TAMS 0x0000000703600000, 0x0000000703600000|
|  55|0x0000000703700000, 0x00000007037fffe8, 0x0000000703800000| 99%| O|  |TS  0|AC  0|TAMS 0x0000000703700000, 0x0000000703700000|
|  56|0x0000000703800000, 0x00000007038ffff8, 0x0000000703900000| 99%| O|  |TS  0|AC  0|TAMS 0x0000000703800000, 0x0000000703800000|
|  57|0x0000000703900000, 0x00000007039ffff8, 0x0000000703a00000| 99%| O|  |TS  0|AC  0|TAMS 0x0000000703900000, 0x0000000703900000|
|  58|0x0000000703a00000, 0x0000000703affff8, 0x0000000703b00000| 99%| O|  |TS  0|AC  0|TAMS 0x0000000703a00000, 0x0000000703a00000|
|  59|0x0000000703b00000, 0x0000000703bfffd0, 0x0000000703c00000| 99%| O|  |TS  0|AC  0|TAMS 0x0000000703b00000, 0x0000000703b00000|
|  60|0x0000000703c00000, 0x0000000703cfffb8, 0x0000000703d00000| 99%| O|  |TS  0|AC  0|TAMS 0x0000000703c00000, 0x0000000703c00000|
|  61|0x0000000703d00000, 0x0000000703e00000, 0x0000000703e00000|100%| O|  |TS  0|AC  0|TAMS 0x0000000703d00000, 0x0000000703d00000|
|  62|0x0000000703e00000, 0x0000000703effeb8, 0x0000000703f00000| 99%| O|  |TS  0|AC  0|TAMS 0x0000000703e00000, 0x0000000703e00000|
|  63|0x0000000703f00000, 0x0000000703ffffa0, 0x0000000704000000| 99%| O|  |TS  0|AC  0|TAMS 0x0000000703f00000, 0x0000000703f00000|
|  64|0x0000000704000000, 0x00000007040fffe0, 0x0000000704100000| 99%| O|  |TS  0|AC  0|TAMS 0x0000000704000000, 0x0000000704000000|
|  65|0x0000000704100000, 0x00000007041fffc8, 0x0000000704200000| 99%| O|  |TS  0|AC  0|TAMS 0x0000000704100000, 0x0000000704100000|
|  66|0x0000000704200000, 0x00000007042ffff8, 0x0000000704300000| 99%| O|  |TS  0|AC  0|TAMS 0x0000000704200000, 0x0000000704200000|
|  67|0x0000000704300000, 0x00000007043ffe58, 0x0000000704400000| 99%| O|  |TS  0|AC  0|TAMS 0x0000000704300000, 0x0000000704300000|
|  68|0x0000000704400000, 0x0000000704439598, 0x0000000704500000| 22%| O|  |TS  0|AC  0|TAMS 0x0000000704400000, 0x0000000704400000|
|  69|0x0000000704500000, 0x0000000704500000, 0x0000000704600000|  0%| F|  |TS  0|AC  0|TAMS 0x0000000704500000, 0x0000000704500000|
|  70|0x0000000704600000, 0x0000000704600000, 0x0000000704700000|  0%| F|  |TS  0|AC  0|TAMS 0x0000000704600000, 0x0000000704600000|
|  71|0x0000000704700000, 0x0000000704700000, 0x0000000704800000|  0%| F|  |TS  0|AC  0|TAMS 0x0000000704700000, 0x0000000704700000|
|  72|0x0000000704800000, 0x0000000704900000, 0x0000000704900000|100%|HS|  |TS  0|AC  0|TAMS 0x0000000704800000, 0x0000000704800000|
|  73|0x0000000704900000, 0x0000000704900000, 0x0000000704a00000|  0%| F|  |TS  0|AC  0|TAMS 0x0000000704900000, 0x0000000704900000|
|  74|0x0000000704a00000, 0x0000000704a00000, 0x0000000704b00000|  0%| F|  |TS  0|AC  0|TAMS 0x0000000704a00000, 0x0000000704a00000|
|  75|0x0000000704b00000, 0x0000000704b00000, 0x0000000704c00000|  0%| F|  |TS  0|AC  0|TAMS 0x0000000704b00000, 0x0000000704b00000|
|  76|0x0000000704c00000, 0x0000000704c00000, 0x0000000704d00000|  0%| F|  |TS  0|AC  0|TAMS 0x0000000704c00000, 0x0000000704c00000|
|  77|0x0000000704d00000, 0x0000000704d00000, 0x0000000704e00000|  0%| F|  |TS  0|AC  0|TAMS 0x0000000704d00000, 0x0000000704d00000|
|  78|0x0000000704e00000, 0x0000000704e00000, 0x0000000704f00000|  0%| F|  |TS  0|AC  0|TAMS 0x0000000704e00000, 0x0000000704e00000|
|  79|0x0000000704f00000, 0x0000000704f00000, 0x0000000705000000|  0%| F|  |TS  0|AC  0|TAMS 0x0000000704f00000, 0x0000000704f00000|
|  80|0x0000000705000000, 0x0000000705000000, 0x0000000705100000|  0%| F|  |TS  0|AC  0|TAMS 0x0000000705000000, 0x0000000705000000|
|  81|0x0000000705100000, 0x0000000705100000, 0x0000000705200000|  0%| F|  |TS  0|AC  0|TAMS 0x0000000705100000, 0x0000000705100000|
|  82|0x0000000705200000, 0x0000000705200000, 0x0000000705300000|  0%| F|  |TS  0|AC  0|TAMS 0x0000000705200000, 0x0000000705200000|
|  83|0x0000000705300000, 0x0000000705300000, 0x0000000705400000|  0%| F|  |TS  0|AC  0|TAMS 0x0000000705300000, 0x0000000705300000|
|  84|0x0000000705400000, 0x0000000705400000, 0x0000000705500000|  0%| F|  |TS  0|AC  0|TAMS 0x0000000705400000, 0x0000000705400000|
|  85|0x0000000705500000, 0x0000000705500000, 0x0000000705600000|  0%| F|  |TS  0|AC  0|TAMS 0x0000000705500000, 0x0000000705500000|
|  86|0x0000000705600000, 0x0000000705600000, 0x0000000705700000|  0%| F|  |TS  0|AC  0|TAMS 0x0000000705600000, 0x0000000705600000|
|  87|0x0000000705700000, 0x0000000705700000, 0x0000000705800000|  0%| F|  |TS  0|AC  0|TAMS 0x0000000705700000, 0x0000000705700000|
|  88|0x0000000705800000, 0x0000000705800000, 0x0000000705900000|  0%| F|  |TS  0|AC  0|TAMS 0x0000000705800000, 0x0000000705800000|
|  89|0x0000000705900000, 0x0000000705900000, 0x0000000705a00000|  0%| F|  |TS  0|AC  0|TAMS 0x0000000705900000, 0x0000000705900000|
|  90|0x0000000705a00000, 0x0000000705a00000, 0x0000000705b00000|  0%| F|  |TS  0|AC  0|TAMS 0x0000000705a00000, 0x0000000705a00000|
|  91|0x0000000705b00000, 0x0000000705b00000, 0x0000000705c00000|  0%| F|  |TS  0|AC  0|TAMS 0x0000000705b00000, 0x0000000705b00000|
|  92|0x0000000705c00000, 0x0000000705c00000, 0x0000000705d00000|  0%| F|  |TS  0|AC  0|TAMS 0x0000000705c00000, 0x0000000705c00000|
|  93|0x0000000705d00000, 0x0000000705d00000, 0x0000000705e00000|  0%| F|  |TS  0|AC  0|TAMS 0x0000000705d00000, 0x0000000705d00000|
|  94|0x0000000705e00000, 0x0000000705e00000, 0x0000000705f00000|  0%| F|  |TS  0|AC  0|TAMS 0x0000000705e00000, 0x0000000705e00000|
|  95|0x0000000705f00000, 0x0000000705f00000, 0x0000000706000000|  0%| F|  |TS  0|AC  0|TAMS 0x0000000705f00000, 0x0000000705f00000|
|  96|0x0000000706000000, 0x0000000706000000, 0x0000000706100000|  0%| F|  |TS  0|AC  0|TAMS 0x0000000706000000, 0x0000000706000000|
|  97|0x0000000706100000, 0x0000000706100000, 0x0000000706200000|  0%| F|  |TS  0|AC  0|TAMS 0x0000000706100000, 0x0000000706100000|
|  98|0x0000000706200000, 0x0000000706200000, 0x0000000706300000|  0%| F|  |TS  0|AC  0|TAMS 0x0000000706200000, 0x0000000706200000|
|  99|0x0000000706300000, 0x0000000706300000, 0x0000000706400000|  0%| F|  |TS  0|AC  0|TAMS 0x0000000706300000, 0x0000000706300000|
| 100|0x0000000706400000, 0x0000000706400000, 0x0000000706500000|  0%| F|  |TS  0|AC  0|TAMS 0x0000000706400000, 0x0000000706400000|
| 101|0x0000000706500000, 0x0000000706500000, 0x0000000706600000|  0%| F|  |TS  0|AC  0|TAMS 0x0000000706500000, 0x0000000706500000|
| 102|0x0000000706600000, 0x0000000706600000, 0x0000000706700000|  0%| F|  |TS  0|AC  0|TAMS 0x0000000706600000, 0x0000000706600000|
| 103|0x0000000706700000, 0x0000000706700000, 0x0000000706800000|  0%| F|  |TS  0|AC  0|TAMS 0x0000000706700000, 0x0000000706700000|
| 104|0x0000000706800000, 0x0000000706800000, 0x0000000706900000|  0%| F|  |TS  0|AC  0|TAMS 0x0000000706800000, 0x0000000706800000|
| 105|0x0000000706900000, 0x0000000706900000, 0x0000000706a00000|  0%| F|  |TS  0|AC  0|TAMS 0x0000000706900000, 0x0000000706900000|
| 106|0x0000000706a00000, 0x0000000706a00000, 0x0000000706b00000|  0%| F|  |TS  0|AC  0|TAMS 0x0000000706a00000, 0x0000000706a00000|
| 107|0x0000000706b00000, 0x0000000706b00000, 0x0000000706c00000|  0%| F|  |TS  0|AC  0|TAMS 0x0000000706b00000, 0x0000000706b00000|
| 108|0x0000000706c00000, 0x0000000706c00000, 0x0000000706d00000|  0%| F|  |TS  0|AC  0|TAMS 0x0000000706c00000, 0x0000000706c00000|
| 109|0x0000000706d00000, 0x0000000706d00000, 0x0000000706e00000|  0%| F|  |TS  0|AC  0|TAMS 0x0000000706d00000, 0x0000000706d00000|
| 110|0x0000000706e00000, 0x0000000706e00000, 0x0000000706f00000|  0%| F|  |TS  0|AC  0|TAMS 0x0000000706e00000, 0x0000000706e00000|
| 111|0x0000000706f00000, 0x0000000706f00000, 0x0000000707000000|  0%| F|  |TS  0|AC  0|TAMS 0x0000000706f00000, 0x0000000706f00000|
| 112|0x0000000707000000, 0x0000000707000000, 0x0000000707100000|  0%| F|  |TS  0|AC  0|TAMS 0x0000000707000000, 0x0000000707000000|
| 113|0x0000000707100000, 0x0000000707100000, 0x0000000707200000|  0%| F|  |TS  0|AC  0|TAMS 0x0000000707100000, 0x0000000707100000|
| 114|0x0000000707200000, 0x0000000707200000, 0x0000000707300000|  0%| F|  |TS  0|AC  0|TAMS 0x0000000707200000, 0x0000000707200000|
| 115|0x0000000707300000, 0x0000000707300000, 0x0000000707400000|  0%| F|  |TS  0|AC  0|TAMS 0x0000000707300000, 0x0000000707300000|
| 116|0x0000000707400000, 0x0000000707400000, 0x0000000707500000|  0%| F|  |TS  0|AC  0|TAMS 0x0000000707400000, 0x0000000707400000|
| 117|0x0000000707500000, 0x0000000707500000, 0x0000000707600000|  0%| F|  |TS  0|AC  0|TAMS 0x0000000707500000, 0x0000000707500000|
| 118|0x0000000707600000, 0x0000000707600000, 0x0000000707700000|  0%| F|  |TS  0|AC  0|TAMS 0x0000000707600000, 0x0000000707600000|
| 119|0x0000000707700000, 0x0000000707700000, 0x0000000707800000|  0%| F|  |TS  0|AC  0|TAMS 0x0000000707700000, 0x0000000707700000|
| 120|0x0000000707800000, 0x0000000707800000, 0x0000000707900000|  0%| F|  |TS  0|AC  0|TAMS 0x0000000707800000, 0x0000000707800000|
| 121|0x0000000707900000, 0x0000000707900000, 0x0000000707a00000|  0%| F|  |TS  0|AC  0|TAMS 0x0000000707900000, 0x0000000707900000|
| 122|0x0000000707a00000, 0x0000000707a00000, 0x0000000707b00000|  0%| F|  |TS  0|AC  0|TAMS 0x0000000707a00000, 0x0000000707a00000|
| 123|0x0000000707b00000, 0x0000000707b00000, 0x0000000707c00000|  0%| F|  |TS  0|AC  0|TAMS 0x0000000707b00000, 0x0000000707b00000|
| 124|0x0000000707c00000, 0x0000000707c00000, 0x0000000707d00000|  0%| F|  |TS  0|AC  0|TAMS 0x0000000707c00000, 0x0000000707c00000|
| 125|0x0000000707d00000, 0x0000000707d00000, 0x0000000707e00000|  0%| F|  |TS  0|AC  0|TAMS 0x0000000707d00000, 0x0000000707d00000|
| 126|0x0000000707e00000, 0x0000000707e00000, 0x0000000707f00000|  0%| F|  |TS  0|AC  0|TAMS 0x0000000707e00000, 0x0000000707e00000|
| 127|0x0000000707f00000, 0x0000000707f00000, 0x0000000708000000|  0%| F|  |TS  0|AC  0|TAMS 0x0000000707f00000, 0x0000000707f00000|
| 128|0x0000000708000000, 0x0000000708000000, 0x0000000708100000|  0%| F|  |TS  0|AC  0|TAMS 0x0000000708000000, 0x0000000708000000|
| 129|0x0000000708100000, 0x0000000708100000, 0x0000000708200000|  0%| F|  |TS  0|AC  0|TAMS 0x0000000708100000, 0x0000000708100000|
| 130|0x0000000708200000, 0x0000000708200000, 0x0000000708300000|  0%| F|  |TS  0|AC  0|TAMS 0x0000000708200000, 0x0000000708200000|
| 131|0x0000000708300000, 0x0000000708300000, 0x0000000708400000|  0%| F|  |TS  0|AC  0|TAMS 0x0000000708300000, 0x0000000708300000|
| 132|0x0000000708400000, 0x0000000708400000, 0x0000000708500000|  0%| F|  |TS  0|AC  0|TAMS 0x0000000708400000, 0x0000000708400000|
| 133|0x0000000708500000, 0x00000007085dab60, 0x0000000708600000| 85%| S|CS|TS 17|AC  0|TAMS 0x0000000708500000, 0x0000000708500000|
| 134|0x0000000708600000, 0x0000000708600000, 0x0000000708700000|  0%| F|  |TS 17|AC  0|TAMS 0x0000000708600000, 0x0000000708600000|
| 135|0x0000000708700000, 0x0000000708700000, 0x0000000708800000|  0%| F|  |TS 17|AC  0|TAMS 0x0000000708700000, 0x0000000708700000|
| 136|0x0000000708800000, 0x0000000708800000, 0x0000000708900000|  0%| F|  |TS 17|AC  0|TAMS 0x0000000708800000, 0x0000000708800000|
| 137|0x0000000708900000, 0x0000000708900000, 0x0000000708a00000|  0%| F|  |TS 17|AC  0|TAMS 0x0000000708900000, 0x0000000708900000|
| 138|0x0000000708a00000, 0x0000000708a00000, 0x0000000708b00000|  0%| F|  |TS 17|AC  0|TAMS 0x0000000708a00000, 0x0000000708a00000|
| 139|0x0000000708b00000, 0x0000000708b00000, 0x0000000708c00000|  0%| F|  |TS 17|AC  0|TAMS 0x0000000708b00000, 0x0000000708b00000|
| 140|0x0000000708c00000, 0x0000000708c00000, 0x0000000708d00000|  0%| F|  |TS 17|AC  0|TAMS 0x0000000708c00000, 0x0000000708c00000|
| 141|0x0000000708d00000, 0x0000000708d00000, 0x0000000708e00000|  0%| F|  |TS 17|AC  0|TAMS 0x0000000708d00000, 0x0000000708d00000|
| 142|0x0000000708e00000, 0x0000000708e00000, 0x0000000708f00000|  0%| F|  |TS 17|AC  0|TAMS 0x0000000708e00000, 0x0000000708e00000|
| 143|0x0000000708f00000, 0x0000000708f00000, 0x0000000709000000|  0%| F|  |TS 17|AC  0|TAMS 0x0000000708f00000, 0x0000000708f00000|
| 144|0x0000000709000000, 0x0000000709000000, 0x0000000709100000|  0%| F|  |TS 17|AC  0|TAMS 0x0000000709000000, 0x0000000709000000|
| 145|0x0000000709100000, 0x0000000709100000, 0x0000000709200000|  0%| F|  |TS 17|AC  0|TAMS 0x0000000709100000, 0x0000000709100000|
| 146|0x0000000709200000, 0x0000000709200000, 0x0000000709300000|  0%| F|  |TS 17|AC  0|TAMS 0x0000000709200000, 0x0000000709200000|
| 147|0x0000000709300000, 0x0000000709300000, 0x0000000709400000|  0%| F|  |TS 17|AC  0|TAMS 0x0000000709300000, 0x0000000709300000|
| 148|0x0000000709400000, 0x0000000709400000, 0x0000000709500000|  0%| F|  |TS 17|AC  0|TAMS 0x0000000709400000, 0x0000000709400000|
| 149|0x0000000709500000, 0x0000000709500000, 0x0000000709600000|  0%| F|  |TS 17|AC  0|TAMS 0x0000000709500000, 0x0000000709500000|
| 150|0x0000000709600000, 0x0000000709600000, 0x0000000709700000|  0%| F|  |TS 17|AC  0|TAMS 0x0000000709600000, 0x0000000709600000|
| 151|0x0000000709700000, 0x0000000709700000, 0x0000000709800000|  0%| F|  |TS 17|AC  0|TAMS 0x0000000709700000, 0x0000000709700000|
| 152|0x0000000709800000, 0x0000000709800000, 0x0000000709900000|  0%| F|  |TS 17|AC  0|TAMS 0x0000000709800000, 0x0000000709800000|
| 153|0x0000000709900000, 0x0000000709900000, 0x0000000709a00000|  0%| F|  |TS 17|AC  0|TAMS 0x0000000709900000, 0x0000000709900000|
| 154|0x0000000709a00000, 0x0000000709a00000, 0x0000000709b00000|  0%| F|  |TS 17|AC  0|TAMS 0x0000000709a00000, 0x0000000709a00000|
| 155|0x0000000709b00000, 0x0000000709b00000, 0x0000000709c00000|  0%| F|  |TS 17|AC  0|TAMS 0x0000000709b00000, 0x0000000709b00000|
| 156|0x0000000709c00000, 0x0000000709c00000, 0x0000000709d00000|  0%| F|  |TS 17|AC  0|TAMS 0x0000000709c00000, 0x0000000709c00000|
| 157|0x0000000709d00000, 0x0000000709d00000, 0x0000000709e00000|  0%| F|  |TS 17|AC  0|TAMS 0x0000000709d00000, 0x0000000709d00000|
| 158|0x0000000709e00000, 0x0000000709e00000, 0x0000000709f00000|  0%| F|  |TS 17|AC  0|TAMS 0x0000000709e00000, 0x0000000709e00000|
| 159|0x0000000709f00000, 0x0000000709f00000, 0x000000070a000000|  0%| F|  |TS 17|AC  0|TAMS 0x0000000709f00000, 0x0000000709f00000|
| 160|0x000000070a000000, 0x000000070a000000, 0x000000070a100000|  0%| F|  |TS 17|AC  0|TAMS 0x000000070a000000, 0x000000070a000000|
| 161|0x000000070a100000, 0x000000070a100000, 0x000000070a200000|  0%| F|  |TS 17|AC  0|TAMS 0x000000070a100000, 0x000000070a100000|
| 162|0x000000070a200000, 0x000000070a200000, 0x000000070a300000|  0%| F|  |TS 17|AC  0|TAMS 0x000000070a200000, 0x000000070a200000|
| 163|0x000000070a300000, 0x000000070a300000, 0x000000070a400000|  0%| F|  |TS 17|AC  0|TAMS 0x000000070a300000, 0x000000070a300000|
| 164|0x000000070a400000, 0x000000070a400000, 0x000000070a500000|  0%| F|  |TS 17|AC  0|TAMS 0x000000070a400000, 0x000000070a400000|
| 165|0x000000070a500000, 0x000000070a500000, 0x000000070a600000|  0%| F|  |TS 17|AC  0|TAMS 0x000000070a500000, 0x000000070a500000|
| 166|0x000000070a600000, 0x000000070a600000, 0x000000070a700000|  0%| F|  |TS 17|AC  0|TAMS 0x000000070a600000, 0x000000070a600000|
| 167|0x000000070a700000, 0x000000070a700000, 0x000000070a800000|  0%| F|  |TS 17|AC  0|TAMS 0x000000070a700000, 0x000000070a700000|
| 168|0x000000070a800000, 0x000000070a800000, 0x000000070a900000|  0%| F|  |TS 17|AC  0|TAMS 0x000000070a800000, 0x000000070a800000|
| 169|0x000000070a900000, 0x000000070a900000, 0x000000070aa00000|  0%| F|  |TS 17|AC  0|TAMS 0x000000070a900000, 0x000000070a900000|
| 170|0x000000070aa00000, 0x000000070aa00000, 0x000000070ab00000|  0%| F|  |TS 17|AC  0|TAMS 0x000000070aa00000, 0x000000070aa00000|
| 171|0x000000070ab00000, 0x000000070ab00000, 0x000000070ac00000|  0%| F|  |TS 17|AC  0|TAMS 0x000000070ab00000, 0x000000070ab00000|
| 172|0x000000070ac00000, 0x000000070ac00000, 0x000000070ad00000|  0%| F|  |TS 17|AC  0|TAMS 0x000000070ac00000, 0x000000070ac00000|
| 173|0x000000070ad00000, 0x000000070ad00000, 0x000000070ae00000|  0%| F|  |TS 17|AC  0|TAMS 0x000000070ad00000, 0x000000070ad00000|
| 174|0x000000070ae00000, 0x000000070ae00000, 0x000000070af00000|  0%| F|  |TS 17|AC  0|TAMS 0x000000070ae00000, 0x000000070ae00000|
| 175|0x000000070af00000, 0x000000070af00000, 0x000000070b000000|  0%| F|  |TS 17|AC  0|TAMS 0x000000070af00000, 0x000000070af00000|
| 176|0x000000070b000000, 0x000000070b000000, 0x000000070b100000|  0%| F|  |TS 17|AC  0|TAMS 0x000000070b000000, 0x000000070b000000|
| 177|0x000000070b100000, 0x000000070b100000, 0x000000070b200000|  0%| F|  |TS 17|AC  0|TAMS 0x000000070b100000, 0x000000070b100000|
| 178|0x000000070b200000, 0x000000070b200000, 0x000000070b300000|  0%| F|  |TS 17|AC  0|TAMS 0x000000070b200000, 0x000000070b200000|
| 179|0x000000070b300000, 0x000000070b300000, 0x000000070b400000|  0%| F|  |TS 17|AC  0|TAMS 0x000000070b300000, 0x000000070b300000|
| 180|0x000000070b400000, 0x000000070b400000, 0x000000070b500000|  0%| F|  |TS 17|AC  0|TAMS 0x000000070b400000, 0x000000070b400000|
| 181|0x000000070b500000, 0x000000070b500000, 0x000000070b600000|  0%| F|  |TS 17|AC  0|TAMS 0x000000070b500000, 0x000000070b500000|
| 182|0x000000070b600000, 0x000000070b600000, 0x000000070b700000|  0%| F|  |TS 17|AC  0|TAMS 0x000000070b600000, 0x000000070b600000|
| 183|0x000000070b700000, 0x000000070b700000, 0x000000070b800000|  0%| F|  |TS 17|AC  0|TAMS 0x000000070b700000, 0x000000070b700000|
| 184|0x000000070b800000, 0x000000070b800000, 0x000000070b900000|  0%| F|  |TS 17|AC  0|TAMS 0x000000070b800000, 0x000000070b800000|
| 185|0x000000070b900000, 0x000000070b900000, 0x000000070ba00000|  0%| F|  |TS 17|AC  0|TAMS 0x000000070b900000, 0x000000070b900000|
| 186|0x000000070ba00000, 0x000000070ba00000, 0x000000070bb00000|  0%| F|  |TS 17|AC  0|TAMS 0x000000070ba00000, 0x000000070ba00000|
| 187|0x000000070bb00000, 0x000000070bbb4bc8, 0x000000070bc00000| 70%| E|  |TS 17|AC  0|TAMS 0x000000070bb00000, 0x000000070bb00000|
| 188|0x000000070bc00000, 0x000000070bd00000, 0x000000070bd00000|100%| E|CS|TS 17|AC  0|TAMS 0x000000070bc00000, 0x000000070bc00000|
| 189|0x000000070bd00000, 0x000000070be00000, 0x000000070be00000|100%| E|CS|TS 17|AC  0|TAMS 0x000000070bd00000, 0x000000070bd00000|
| 190|0x000000070be00000, 0x000000070bf00000, 0x000000070bf00000|100%| E|CS|TS 17|AC  0|TAMS 0x000000070be00000, 0x000000070be00000|
| 191|0x000000070bf00000, 0x000000070c000000, 0x000000070c000000|100%| E|CS|TS 17|AC  0|TAMS 0x000000070bf00000, 0x000000070bf00000|
| 192|0x000000070c000000, 0x000000070c100000, 0x000000070c100000|100%| E|CS|TS 17|AC  0|TAMS 0x000000070c000000, 0x000000070c000000|
| 193|0x000000070c100000, 0x000000070c200000, 0x000000070c200000|100%| E|CS|TS 17|AC  0|TAMS 0x000000070c100000, 0x000000070c100000|

Card table byte_map: [0x000001b975e70000,0x000001b976470000] byte_map_base: 0x000001b972670000

Marking Bits (Prev, Next): (CMBitMap*) 0x000001b95d6fb0d8, (CMBitMap*) 0x000001b95d6fb0a0
 Prev Bits: [0x000001b979a70000, 0x000001b97ca70000)
 Next Bits: [0x000001b976a70000, 0x000001b979a70000)

Polling page: 0x000001b953360000

CodeHeap 'non-profiled nmethods': size=120064Kb used=24063Kb max_used=26455Kb free=96000Kb
 bounds [0x000001b96e330000, 0x000001b96fd10000, 0x000001b975870000]
CodeHeap 'profiled nmethods': size=120000Kb used=44705Kb max_used=45494Kb free=75294Kb
 bounds [0x000001b966e00000, 0x000001b969ad0000, 0x000001b96e330000]
CodeHeap 'non-nmethods': size=5696Kb used=1817Kb max_used=1895Kb free=3878Kb
 bounds [0x000001b966870000, 0x000001b966ae0000, 0x000001b966e00000]
 total_blobs=38124 nmethods=19088 adapters=1161
 compilation: enabled

Compilation events (10 events):
Event: 27707.261 Thread 0x000001b95d894000 25916       1       com.jidesoft.grid.TreeTableModel::isAdjusting (5 bytes)
Event: 27707.261 Thread 0x000001b95d894000 nmethod 25916 0x000001b96e4f1290 code [0x000001b96e4f1440, 0x000001b96e4f1558]
Event: 27707.261 Thread 0x000001b95d894000 25917       1       ui.utils.k.j.ah::getLeadSelectionIndex (2 bytes)
Event: 27707.262 Thread 0x000001b95d894000 nmethod 25917 0x000001b96e4f0f10 code [0x000001b96e4f10c0, 0x000001b96e4f11d8]
Event: 27707.262 Thread 0x000001b95d894000 25918       3       com.jidesoft.grid.AbstractNode::setParent (33 bytes)
Event: 27707.263 Thread 0x000001b95d894000 nmethod 25918 0x000001b9671b6790 code [0x000001b9671b6960, 0x000001b9671b6fd0]
Event: 27707.270 Thread 0x000001b95d894000 25919       3       ui.utils.k.j.ah::removeListSelectionListener (1 bytes)
Event: 27707.270 Thread 0x000001b95d894000 nmethod 25919 0x000001b967014a90 code [0x000001b967014c40, 0x000001b967014d98]
Event: 27707.271 Thread 0x000001b95d894000 25920       3       javax.swing.JTree::getScrollableTracksViewportWidth (34 bytes)
Event: 27707.273 Thread 0x000001b95d894000 nmethod 25920 0x000001b967343290 code [0x000001b9673434a0, 0x000001b967343d50]

GC Heap History (10 events):
Event: 27540.514 GC heap before
{Heap before GC invocations=553 (full 24):
 garbage-first heap   total 198656K, used 130794K [0x0000000700000000, 0x0000000700100610, 0x00000007c0000000)
  region size 1024K, 60 young (61440K), 1 survivors (1024K)
 Metaspace       used 88740K, capacity 91441K, committed 96768K, reserved 1132544K
  class space    used 11921K, capacity 12469K, committed 13568K, reserved 1048576K
}
Event: 27540.518 GC heap after
{Heap after GC invocations=554 (full 24):
 garbage-first heap   total 198656K, used 70535K [0x0000000700000000, 0x0000000700100610, 0x00000007c0000000)
  region size 1024K, 1 young (1024K), 1 survivors (1024K)
 Metaspace       used 88740K, capacity 91441K, committed 96768K, reserved 1132544K
  class space    used 11921K, capacity 12469K, committed 13568K, reserved 1048576K
}
Event: 27542.503 GC heap before
{Heap before GC invocations=554 (full 24):
 garbage-first heap   total 198656K, used 130951K [0x0000000700000000, 0x0000000700100610, 0x00000007c0000000)
  region size 1024K, 60 young (61440K), 1 survivors (1024K)
 Metaspace       used 88751K, capacity 91505K, committed 96768K, reserved 1132544K
  class space    used 11926K, capacity 12469K, committed 13568K, reserved 1048576K
}
Event: 27542.508 GC heap after
{Heap after GC invocations=555 (full 24):
 garbage-first heap   total 198656K, used 70827K [0x0000000700000000, 0x0000000700100610, 0x00000007c0000000)
  region size 1024K, 1 young (1024K), 1 survivors (1024K)
 Metaspace       used 88751K, capacity 91505K, committed 96768K, reserved 1132544K
  class space    used 11926K, capacity 12469K, committed 13568K, reserved 1048576K
}
Event: 27604.759 GC heap before
{Heap before GC invocations=555 (full 24):
 garbage-first heap   total 198656K, used 131243K [0x0000000700000000, 0x0000000700100610, 0x00000007c0000000)
  region size 1024K, 60 young (61440K), 1 survivors (1024K)
 Metaspace       used 88751K, capacity 91505K, committed 96768K, reserved 1132544K
  class space    used 11926K, capacity 12469K, committed 13568K, reserved 1048576K
}
Event: 27604.763 GC heap after
{Heap after GC invocations=556 (full 24):
 garbage-first heap   total 198656K, used 70757K [0x0000000700000000, 0x0000000700100610, 0x00000007c0000000)
  region size 1024K, 1 young (1024K), 1 survivors (1024K)
 Metaspace       used 88751K, capacity 91505K, committed 96768K, reserved 1132544K
  class space    used 11926K, capacity 12469K, committed 13568K, reserved 1048576K
}
Event: 27683.182 GC heap before
{Heap before GC invocations=556 (full 24):
 garbage-first heap   total 198656K, used 131173K [0x0000000700000000, 0x0000000700100610, 0x00000007c0000000)
  region size 1024K, 60 young (61440K), 1 survivors (1024K)
 Metaspace       used 88751K, capacity 91505K, committed 96768K, reserved 1132544K
  class space    used 11926K, capacity 12469K, committed 13568K, reserved 1048576K
}
Event: 27683.187 GC heap after
{Heap after GC invocations=557 (full 24):
 garbage-first heap   total 198656K, used 70808K [0x0000000700000000, 0x0000000700100610, 0x00000007c0000000)
  region size 1024K, 1 young (1024K), 1 survivors (1024K)
 Metaspace       used 88751K, capacity 91505K, committed 96768K, reserved 1132544K
  class space    used 11926K, capacity 12469K, committed 13568K, reserved 1048576K
}
Event: 27705.403 GC heap before
{Heap before GC invocations=557 (full 24):
 garbage-first heap   total 198656K, used 131224K [0x0000000700000000, 0x0000000700100610, 0x00000007c0000000)
  region size 1024K, 60 young (61440K), 1 survivors (1024K)
 Metaspace       used 88791K, capacity 91505K, committed 96768K, reserved 1132544K
  class space    used 11934K, capacity 12469K, committed 13568K, reserved 1048576K
}
Event: 27705.409 GC heap after
{Heap after GC invocations=558 (full 24):
 garbage-first heap   total 198656K, used 70942K [0x0000000700000000, 0x0000000700100610, 0x00000007c0000000)
  region size 1024K, 1 young (1024K), 1 survivors (1024K)
 Metaspace       used 88791K, capacity 91505K, committed 96768K, reserved 1132544K
  class space    used 11934K, capacity 12469K, committed 13568K, reserved 1048576K
}

Deoptimization events (10 events):
Event: 27485.260 Thread 0x000001b95fb9c000 Uncommon trap: reason=class_check action=maybe_recompile pc=0x000001b96ed409cc method=ui.views.V.a.ch.dkA()Lui/data/design/o; @ 11 c2
Event: 27487.809 Thread 0x000001b902853000 Uncommon trap: reason=bimorphic_or_optimized_type_check action=maybe_recompile pc=0x000001b96ea9bb28 method=ui.views.V.a.ch.eLD()Lui/data/m/a/a; @ 20 c2
Event: 27489.592 Thread 0x000001b95fb9c000 Uncommon trap: reason=bimorphic_or_optimized_type_check action=maybe_recompile pc=0x000001b96ea9bb28 method=ui.views.V.a.ch.eLD()Lui/data/m/a/a; @ 20 c2
Event: 27489.592 Thread 0x000001b95fb9c000 Uncommon trap: reason=bimorphic_or_optimized_type_check action=maybe_recompile pc=0x000001b96ea9bb28 method=ui.views.V.a.ch.eLD()Lui/data/m/a/a; @ 20 c2
Event: 27489.592 Thread 0x000001b95fb9c000 Uncommon trap: reason=bimorphic_or_optimized_type_check action=maybe_recompile pc=0x000001b96ea9bb28 method=ui.views.V.a.ch.eLD()Lui/data/m/a/a; @ 20 c2
Event: 27489.599 Thread 0x000001b95fb9c000 Uncommon trap: reason=bimorphic_or_optimized_type_check action=maybe_recompile pc=0x000001b96f5efe54 method=ui.views.V.a.ch.eLD()Lui/data/m/a/a; @ 20 c2
Event: 27542.152 Thread 0x000001b95fb9c000 Uncommon trap: reason=unstable_if action=reinterpret pc=0x000001b96fba68b0 method=javax.swing.DebugGraphics.shouldComponentDebug(Ljavax/swing/JComponent;)I @ 15 c2
Event: 27689.643 Thread 0x000001b95fb9c000 Uncommon trap: reason=unstable_if action=reinterpret pc=0x000001b96fa16ed8 method=javax.swing.JTable.getSelectedRows()[I @ 22 c2
Event: 27690.509 Thread 0x000001b95fb9c000 Uncommon trap: reason=unstable_if action=reinterpret pc=0x000001b96f262fdc method=ui.data.design.o.amt()V @ 78 c2
Event: 27696.555 Thread 0x000001b95fb9c000 Uncommon trap: reason=class_check action=maybe_recompile pc=0x000001b96fbc4644 method=javax.swing.plaf.synth.ParsedSynthStyle$DelegatingPainter.paintPanelBackground(Ljavax/swing/plaf/synth/SynthContext;Ljava/awt/Graphics;IIII)V @ 16 c2

Classes redefined (0 events):
No events

Internal exceptions (10 events):
Event: 26753.458 Thread 0x000001b95fb9c000 Exception <a 'java/lang/ClassNotFoundException'{0x000000070ba3fc80}: org/jdesktop/swingx/JXPanelCustomizer> (0x000000070ba3fc80) thrown at [t:/workspace/hotspot/src/share/vm/classfile/systemDictionary.cpp, line 218]
Event: 26753.468 Thread 0x000001b95fb9c000 Exception <a 'java/lang/ClassNotFoundException'{0x000000070ba92f20}: org/jdesktop/swingx/JXTitledPanelCustomizer> (0x000000070ba92f20) thrown at [t:/workspace/hotspot/src/share/vm/classfile/systemDictionary.cpp, line 218]
Event: 26753.475 Thread 0x000001b95fb9c000 Exception <a 'java/lang/ClassNotFoundException'{0x000000070bad56f8}: ui/utils/p/p/a/dCustomizer> (0x000000070bad56f8) thrown at [t:/workspace/hotspot/src/share/vm/classfile/systemDictionary.cpp, line 218]
Event: 26753.482 Thread 0x000001b95fb9c000 Exception <a 'java/lang/ClassNotFoundException'{0x000000070b918280}: ui/views/waveform/f/pCustomizer> (0x000000070b918280) thrown at [t:/workspace/hotspot/src/share/vm/classfile/systemDictionary.cpp, line 218]
Event: 26753.520 Thread 0x000001b95fb9c000 Implicit null exception at 0x000001b96e4b35fe to 0x000001b96e4b3ea5
Event: 26753.852 Thread 0x000001b95fb9c000 Exception <a 'java/lang/NoSuchMethodError'{0x000000070b3aa380}: java.lang.invoke.DirectMethodHandle$Holder.invokeSpecial(Ljava/lang/Object;Ljava/lang/Object;IIIJJJ)Ljava/lang/Object;> (0x000000070b3aa380) thrown at [t:/workspace/hotspot/src/share/vm/inter
Event: 26753.852 Thread 0x000001b95fb9c000 Exception <a 'java/lang/NoSuchMethodError'{0x000000070b3adb28}: java.lang.invoke.DelegatingMethodHandle$Holder.reinvoke_L(Ljava/lang/Object;IIIJJJ)Ljava/lang/Object;> (0x000000070b3adb28) thrown at [t:/workspace/hotspot/src/share/vm/interpreter/linkResolv
Event: 26753.853 Thread 0x000001b95fb9c000 Exception <a 'java/lang/NoSuchMethodError'{0x000000070b3bc580}: method resolution failed> (0x000000070b3bc580) thrown at [t:/workspace/hotspot/src/share/vm/prims/methodHandles.cpp, line 1256]
Event: 26754.932 Thread 0x000001b95fb9c000 Implicit null exception at 0x000001b96f2c12ac to 0x000001b96f2c15f9
Event: 27451.299 Thread 0x000001b95fb9c000 Exception <a 'java/lang/NoSuchMethodError'{0x000000070bf7c4b8}: java.lang.invoke.DelegatingMethodHandle$Holder.reinvoke_L(Ljava/lang/Object;IIILjava/lang/Object;II)Ljava/lang/Object;> (0x000000070bf7c4b8) thrown at [t:/workspace/hotspot/src/share/vm/inter

Events (10 events):
Event: 27704.384 Executing VM operation: RevokeBias done
Event: 27704.384 Thread 0x000001b902846800 Thread exited: 0x000001b902846800
Event: 27704.527 Thread 0x000001b902846800 Thread added: 0x000001b902846800
Event: 27704.534 Thread 0x000001b902846800 Thread exited: 0x000001b902846800
Event: 27705.403 Executing VM operation: G1IncCollectionPause
Event: 27705.409 Executing VM operation: G1IncCollectionPause done
Event: 27705.527 Thread 0x000001b902846800 Thread added: 0x000001b902846800
Event: 27705.534 Thread 0x000001b902846800 Thread exited: 0x000001b902846800
Event: 27706.528 Thread 0x000001b902846800 Thread added: 0x000001b902846800
Event: 27706.540 Thread 0x000001b902846800 Thread exited: 0x000001b902846800


Dynamic libraries:
0x00007ff73d140000 - 0x00007ff73d170000 	C:\Xilinx\Vivado\2019.2\bin\unwrapped\win64.o\vivado.exe
0x00007ffc85ef0000 - 0x00007ffc860e8000 	C:\windows\SYSTEM32\ntdll.dll
0x00007ffc847b0000 - 0x00007ffc8486d000 	C:\windows\System32\KERNEL32.DLL
0x00007ffc835d0000 - 0x00007ffc838c6000 	C:\windows\System32\KERNELBASE.dll
0x00007ffc83e20000 - 0x00007ffc83f20000 	C:\windows\System32\ucrtbase.dll
0x00007ffc4ecb0000 - 0x00007ffc4ed3e000 	C:\windows\SYSTEM32\MSVCP140.dll
0x00007ffc65ca0000 - 0x00007ffc65cbb000 	C:\windows\SYSTEM32\VCRUNTIME140.dll
0x00007ffc7b720000 - 0x00007ffc7b72c000 	C:\windows\SYSTEM32\VCRUNTIME140_1.dll
0x00007ffc6cd00000 - 0x00007ffc6cd14000 	C:\Xilinx\Vivado\2019.2\lib\win64.o\libboost_signals.dll
0x00007ffc6ccc0000 - 0x00007ffc6ccd6000 	C:\Xilinx\Vivado\2019.2\lib\win64.o\librdi_commonmain.dll
0x00007ffc5bf40000 - 0x00007ffc5bf66000 	C:\Xilinx\Vivado\2019.2\lib\win64.o\libboost_filesystem.dll
0x00007ffc84c90000 - 0x00007ffc84d3e000 	C:\windows\System32\ADVAPI32.dll
0x00007ffc849a0000 - 0x00007ffc84a3e000 	C:\windows\System32\msvcrt.dll
0x00007ffc85360000 - 0x00007ffc853fc000 	C:\windows\System32\sechost.dll
0x00007ffc84870000 - 0x00007ffc84996000 	C:\windows\System32\RPCRT4.dll
0x00007ffc7a2b0000 - 0x00007ffc7a2ba000 	C:\Xilinx\Vivado\2019.2\lib\win64.o\librdi_commonversion.dll
0x000000006f680000 - 0x000000006f7ab000 	C:\Xilinx\Vivado\2019.2\lib\win64.o\tcl85t.dll
0x00007ffc844e0000 - 0x00007ffc8467e000 	C:\windows\System32\USER32.dll
0x00007ffc83c70000 - 0x00007ffc83c92000 	C:\windows\System32\win32u.dll
0x00007ffc84c30000 - 0x00007ffc84c5c000 	C:\windows\System32\GDI32.dll
0x00007ffc83b50000 - 0x00007ffc83c6a000 	C:\windows\System32\gdi32full.dll
0x00007ffc83d80000 - 0x00007ffc83e1d000 	C:\windows\System32\msvcp_win.dll
0x00007ffc84a40000 - 0x00007ffc84aab000 	C:\windows\System32\WS2_32.dll
0x00007ffc77670000 - 0x00007ffc7767b000 	C:\Xilinx\Vivado\2019.2\lib\win64.o\libboost_system.dll
0x00007ffc3d080000 - 0x00007ffc3d221000 	C:\Xilinx\Vivado\2019.2\lib\win64.o\librdi_commonxillic.dll
0x00007ffc83f20000 - 0x00007ffc83f47000 	C:\windows\System32\bcrypt.dll
0x00007ffc3ca40000 - 0x00007ffc3cd1b000 	C:\Xilinx\Vivado\2019.2\lib\win64.o\libXil_lmgr11.dll
0x00007ffc85dd0000 - 0x00007ffc85eaa000 	C:\windows\System32\COMDLG32.dll
0x00007ffc84fa0000 - 0x00007ffc852f4000 	C:\windows\System32\combase.dll
0x00007ffc84dc0000 - 0x00007ffc84e6d000 	C:\windows\System32\shcore.dll
0x00007ffc84bd0000 - 0x00007ffc84c25000 	C:\windows\System32\SHLWAPI.dll
0x00007ffc85680000 - 0x00007ffc85dc5000 	C:\windows\System32\SHELL32.dll
0x00007ffc85400000 - 0x00007ffc854cd000 	C:\windows\System32\OLEAUT32.dll
0x00007ffc84680000 - 0x00007ffc847aa000 	C:\windows\System32\ole32.dll
0x00007ffc838d0000 - 0x00007ffc83937000 	C:\windows\System32\WINTRUST.dll
0x00007ffc839f0000 - 0x00007ffc83b4e000 	C:\windows\System32\CRYPT32.dll
0x00007ffc3cf60000 - 0x00007ffc3d074000 	C:\Xilinx\Vivado\2019.2\lib\win64.o\libboost_regex.dll
0x00007ffc32790000 - 0x00007ffc336d3000 	C:\Xilinx\Vivado\2019.2\lib\win64.o\librdi_common.dll
0x00007ffc7d4d0000 - 0x00007ffc7d4e9000 	C:\windows\SYSTEM32\NETAPI32.dll
0x00007ffc7a940000 - 0x00007ffc7a949000 	C:\windows\SYSTEM32\WSOCK32.dll
0x00007ffc5a010000 - 0x00007ffc5a0c0000 	C:\windows\WinSxS\amd64_microsoft.windows.common-controls_6595b64144ccf1df_5.82.19041.1110_none_792d1c772443f647\COMCTL32.dll
0x00007ffc76820000 - 0x00007ffc7683d000 	C:\windows\SYSTEM32\dhcpcsvc.DLL
0x00007ffc69a00000 - 0x00007ffc69a14000 	C:\Xilinx\Vivado\2019.2\lib\win64.o\libboost_date_time.dll
0x00007ffc31820000 - 0x00007ffc3241c200 	C:\Xilinx\Vivado\2019.2\lib\win64.o\libisl_iostreams.dll
0x00007ffc5b930000 - 0x00007ffc5b951000 	C:\Xilinx\Vivado\2019.2\lib\win64.o\libboost_thread.dll
0x00007ffc32420000 - 0x00007ffc3278e000 	C:\Xilinx\Vivado\2019.2\lib\win64.o\libCOIN-all.dll
0x00007ffc54970000 - 0x00007ffc549ef000 	C:\Xilinx\Vivado\2019.2\lib\win64.o\libboost_program_options.dll
0x00007ffc751d0000 - 0x00007ffc751df000 	C:\Xilinx\Vivado\2019.2\lib\win64.o\libboost_xilinx.dll
0x00007ffc4a340000 - 0x00007ffc4a3e5000 	C:\Xilinx\Vivado\2019.2\lib\win64.o\libhdxml.dll
0x00007ffc4ea90000 - 0x00007ffc4eb12000 	C:\Xilinx\Vivado\2019.2\lib\win64.o\libhdlpsolve.dll
0x00007ffc50df0000 - 0x00007ffc50e1e000 	C:\Xilinx\Vivado\2019.2\lib\win64.o\libisl_sysinfo.dll
0x00007ffc540c0000 - 0x00007ffc540da000 	C:\Xilinx\Vivado\2019.2\lib\win64.o\pthreadVC2.dll
0x00007ffc50dd0000 - 0x00007ffc50dec000 	C:\Xilinx\Vivado\2019.2\lib\win64.o\librdiconfig.dll
0x00007ffc67810000 - 0x00007ffc67ce6000 	C:\windows\SYSTEM32\WININET.dll
0x00007ffc746c0000 - 0x00007ffc747ca000 	C:\windows\SYSTEM32\WINHTTP.dll
0x00007ffc74320000 - 0x00007ffc7450d000 	C:\windows\SYSTEM32\urlmon.dll
0x00007ffc492e0000 - 0x00007ffc49345000 	C:\Xilinx\Vivado\2019.2\lib\win64.o\liblmx6.0.dll
0x00007ffc492b0000 - 0x00007ffc492d1000 	C:\Xilinx\Vivado\2019.2\lib\win64.o\librdizlib.dll
0x0000000012000000 - 0x0000000012270000 	C:\Xilinx\Vivado\2019.2\lib\win64.o\xerces-c_3_1.dll
0x00007ffc48c30000 - 0x00007ffc48c61000 	C:\windows\SYSTEM32\VCOMP140.DLL
0x00007ffc6ccb0000 - 0x00007ffc6ccbd000 	C:\Xilinx\Vivado\2019.2\lib\win64.o\libboost_chrono.dll
0x00007ffc74a20000 - 0x00007ffc74cdc000 	C:\windows\SYSTEM32\iertutil.dll
0x00007ffc75d10000 - 0x00007ffc75d39000 	C:\windows\SYSTEM32\srvcli.dll
0x00007ffc82aa0000 - 0x00007ffc82aac000 	C:\windows\SYSTEM32\netutils.dll
0x00007ffc4a320000 - 0x00007ffc4a33b000 	C:\Xilinx\Vivado\2019.2\lib\win64.o\libboost_iostreams.dll
0x00007ffc48c00000 - 0x00007ffc48c25000 	C:\Xilinx\Vivado\2019.2\lib\win64.o\libisl_iosutils.dll
0x00007ffc30980000 - 0x00007ffc31811000 	C:\Xilinx\Vivado\2019.2\lib\win64.o\gurobi65.dll
0x00007ffc84c60000 - 0x00007ffc84c90000 	C:\windows\System32\IMM32.DLL
0x00007ffc83130000 - 0x00007ffc83142000 	C:\windows\SYSTEM32\MSASN1.dll
0x00007ffc81640000 - 0x00007ffc81652000 	C:\windows\SYSTEM32\kernel.appcore.dll
0x00007ffc30460000 - 0x00007ffc30977000 	C:\Xilinx\Vivado\2019.2\lib\win64.o\librdi_commontasks.dll
0x00007ffc7ac90000 - 0x00007ffc7ac9a000 	C:\windows\SYSTEM32\VERSION.dll
0x000000006ec50000 - 0x000000006f675000 	C:\Xilinx\Vivado\2019.2\tps\win64\jre9.0.4\bin\server\jvm.dll
0x00007ffc84d40000 - 0x00007ffc84d48000 	C:\windows\System32\PSAPI.DLL
0x00007ffc65da0000 - 0x00007ffc65dc7000 	C:\windows\SYSTEM32\WINMM.dll
0x00007ffc30170000 - 0x00007ffc30453000 	C:\Xilinx\Vivado\2019.2\lib\win64.o\librdi_sio.dll
0x00007ffc82990000 - 0x00007ffc829cb000 	C:\windows\SYSTEM32\IPHLPAPI.DLL
0x00007ffc82ca0000 - 0x00007ffc82d0a000 	C:\windows\SYSTEM32\MSWSOCK.DLL
0x00007ffc3c950000 - 0x00007ffc3ca3f000 	C:\windows\SYSTEM32\MSVCR120.dll
0x00007ffc81660000 - 0x00007ffc81dfb000 	C:\windows\SYSTEM32\windows.storage.dll
0x00007ffc82fa0000 - 0x00007ffc82fce000 	C:\windows\SYSTEM32\Wldp.dll
0x00007ffbc1320000 - 0x00007ffbc3a65000 	C:\Xilinx\Vivado\2019.2\lib\win64.o\librdi_tcltasks.dll
0x00007ffc2fcb0000 - 0x00007ffc30164000 	C:\Xilinx\Vivado\2019.2\lib\win64.o\librdi_bitstream.dll
0x00007ffc48020000 - 0x00007ffc4809b000 	C:\Xilinx\Vivado\2019.2\lib\win64.o\librdi_boarddep.dll
0x00007ffc2fb10000 - 0x00007ffc2fcad000 	C:\Xilinx\Vivado\2019.2\lib\win64.o\librdi_board.dll
0x00007ffc33ac0000 - 0x00007ffc33c12000 	C:\Xilinx\Vivado\2019.2\lib\win64.o\librdi_cd_client.dll
0x00007ffc2f950000 - 0x00007ffc2fb10000 	C:\Xilinx\Vivado\2019.2\lib\win64.o\librdi_chipscopeimpl.dll
0x00007ffc2f860000 - 0x00007ffc2f94f000 	C:\Xilinx\Vivado\2019.2\lib\win64.o\librdi_chipscope.dll
0x00007ffc2f530000 - 0x00007ffc2f854000 	C:\Xilinx\Vivado\2019.2\lib\win64.o\librdi_containers.dll
0x00007ffbbf840000 - 0x00007ffbc131a000 	C:\Xilinx\Vivado\2019.2\lib\win64.o\librdi_constraints.dll
0x00007ffc2ee50000 - 0x00007ffc2f529000 	C:\Xilinx\Vivado\2019.2\lib\win64.o\librdi_coregenipxact.dll
0x00007ffbbb570000 - 0x00007ffbbf83b000 	C:\Xilinx\Vivado\2019.2\lib\win64.o\librdi_designutils.dll
0x00007ffbb9580000 - 0x00007ffbbb570000 	C:\Xilinx\Vivado\2019.2\lib\win64.o\librdi_coregen.dll
0x00007ffc01aa0000 - 0x00007ffc0206d000 	C:\Xilinx\Vivado\2019.2\lib\win64.o\librdi_drc.dll
0x00007ffc00930000 - 0x00007ffc00c7a000 	C:\Xilinx\Vivado\2019.2\lib\win64.o\librdi_dlyest.dll
0x00007ffc432d0000 - 0x00007ffc43394000 	C:\Xilinx\Vivado\2019.2\lib\win64.o\librdi_dsp.dll
0x00007ffc482d0000 - 0x00007ffc4833a000 	C:\Xilinx\Vivado\2019.2\lib\win64.o\librdi_hdf.dll
0x00007ffc1ece0000 - 0x00007ffc1eff0000 	C:\Xilinx\Vivado\2019.2\lib\win64.o\librdi_guitools.dll
0x00007ffc002c0000 - 0x00007ffc0092b000 	C:\Xilinx\Vivado\2019.2\lib\win64.o\librdi_filemgmt.dll
0x00007ffc2c2f0000 - 0x00007ffc2c510000 	C:\Xilinx\Vivado\2019.2\lib\win64.o\librdi_hip_devdesign.dll
0x00007ffc1ff20000 - 0x00007ffc20068000 	C:\Xilinx\Vivado\2019.2\lib\win64.o\librdi_hip_perf_analysis.dll
0x00007ffb88b70000 - 0x00007ffb9d71b000 	C:\Xilinx\Vivado\2019.2\lib\win64.o\librdi_device.dll
0x00007ffc2edd0000 - 0x00007ffc2ee44000 	C:\Xilinx\Vivado\2019.2\lib\win64.o\librdi_memoryarray.dll
0x00007ffbff4c0000 - 0x00007ffbffaf1000 	C:\Xilinx\Vivado\2019.2\lib\win64.o\librdi_memdata.dll
0x00007ffc48550000 - 0x00007ffc4859c000 	C:\Xilinx\Vivado\2019.2\lib\win64.o\librdi_pfi.dll
0x00007ffbb7e10000 - 0x00007ffbb957d000 	C:\Xilinx\Vivado\2019.2\lib\win64.o\librdi_implflow.dll
0x00007ffbfedd0000 - 0x00007ffbff4b3000 	C:\Xilinx\Vivado\2019.2\lib\win64.o\librdi_netlist.dll
0x00007ffbb5040000 - 0x00007ffbb7e0b000 	C:\Xilinx\Vivado\2019.2\lib\win64.o\librdi_mig.dll
0x00007ffbfeab0000 - 0x00007ffbfedcb000 	C:\Xilinx\Vivado\2019.2\lib\win64.o\librdi_platform.dll
0x00007ffbfc1f0000 - 0x00007ffbfc9fb000 	C:\Xilinx\Vivado\2019.2\lib\win64.o\librdi_power.dll
0x00007ffbf9d90000 - 0x00007ffbfa4c3000 	C:\Xilinx\Vivado\2019.2\lib\win64.o\librdi_psta.dll
0x00007ffbfe4f0000 - 0x00007ffbfeaaa000 	C:\Xilinx\Vivado\2019.2\lib\win64.o\librdi_project.dll
0x00007ffbe85d0000 - 0x00007ffbe8c91000 	C:\Xilinx\Vivado\2019.2\lib\win64.o\librdi_rsb.dll
0x00007ffbb2770000 - 0x00007ffbb5037000 	C:\Xilinx\Vivado\2019.2\lib\win64.o\librdi_place.dll
0x00007ffc123c0000 - 0x00007ffc124c8000 	C:\Xilinx\Vivado\2019.2\lib\win64.o\librdi_runsbase.dll
0x00007ffbfbdc0000 - 0x00007ffbfc1e3000 	C:\Xilinx\Vivado\2019.2\lib\win64.o\librdi_runs.dll
0x00007ffbe9140000 - 0x00007ffbe93b5000 	C:\Xilinx\Vivado\2019.2\lib\win64.o\librdi_simdata.dll
0x00007ffbb18e0000 - 0x00007ffbb276d000 	C:\Xilinx\Vivado\2019.2\lib\win64.o\librdi_timing.dll
0x00007ffc45550000 - 0x00007ffc4559c000 	C:\Xilinx\Vivado\2019.2\lib\win64.o\libboost_serialization.dll
0x00007ffc01900000 - 0x00007ffc01aa0000 	C:\Xilinx\Vivado\2019.2\lib\win64.o\librdi_cd_protocol.dll
0x00007ffbfe340000 - 0x00007ffbfe4e1000 	C:\Xilinx\Vivado\2019.2\lib\win64.o\librdi_advchipscopeimpl.dll
0x00007ffc3fea0000 - 0x00007ffc3feea000 	C:\Xilinx\Vivado\2019.2\lib\win64.o\librdi_noc_frameworks.dll
0x00007ffc2bee0000 - 0x00007ffc2bfb7000 	C:\Xilinx\Vivado\2019.2\lib\win64.o\librdi_ipconfig_readwrite.dll
0x00007ffbe8080000 - 0x00007ffbe85ce000 	C:\Xilinx\Vivado\2019.2\lib\win64.o\librdi_xdm.dll
0x00007ffbfbbd0000 - 0x00007ffbfbdb4000 	C:\Xilinx\Vivado\2019.2\lib\win64.o\librdi_hip_config.dll
0x00007ffc2b970000 - 0x00007ffc2ba0e000 	C:\Xilinx\Vivado\2019.2\lib\win64.o\libise.dll
0x00007ffc3c900000 - 0x00007ffc3c94a000 	C:\Xilinx\Vivado\2019.2\lib\win64.o\librdi_wavedata_SimpleApi.dll
0x00007ffbb12c0000 - 0x00007ffbb18db000 	C:\Xilinx\Vivado\2019.2\lib\win64.o\librdi_wavedata.dll

VM Arguments:
jvm_args: -Dsun.java2d.pmoffscreen=false -Dsun.java2d.xrender=false -Dsun.java2d.d3d=false -Dsun.awt.nopixfmt=true -Dsun.java2d.dpiaware=true -Dsun.java2d.uiScale.enabled=false -Xverify:none -Dswing.aatext=true -XX:-UsePerfData -Djdk.map.althashing.threshold=512 -XX:StringTableSize=4072 --add-opens=java.base/java.nio=ALL-UNNAMED --add-opens=java.desktop/sun.swing=ALL-UNNAMED --add-opens=java.desktop/javax.swing=ALL-UNNAMED --add-opens=java.desktop/javax.swing.tree=ALL-UNNAMED --add-opens=java.desktop/javax.swing.plaf.basic=ALL-UNNAMED --add-opens=java.desktop/javax.swing.plaf.synth=ALL-UNNAMED --add-opens=java.desktop/com.sun.awt=ALL-UNNAMED -XX:NewSize=60m -XX:MaxNewSize=60m -Xms128m -Xmx3072m -Xss5m 
java_command: <unknown>
java_class_path (initial): C:/Xilinx/Vivado/2019.2\lib\classes\alloy.jar;C:/Xilinx/Vivado/2019.2\lib\classes\autoesl-common.jar;C:/Xilinx/Vivado/2019.2\lib\classes\autoesl-models.jar;C:/Xilinx/Vivado/2019.2\lib\classes\autoesl-report.jar;C:/Xilinx/Vivado/2019.2\lib\classes\autopilot.scelaborator.jar;C:/Xilinx/Vivado/2019.2\lib\classes\autopilot.sourceprocessor.jar;C:/Xilinx/Vivado/2019.2\lib\classes\autopilot.tbprocessor.jar;C:/Xilinx/Vivado/2019.2\lib\classes\batik-anim.jar;C:/Xilinx/Vivado/2019.2\lib\classes\batik-awt-util.jar;C:/Xilinx/Vivado/2019.2\lib\classes\batik-bridge.jar;C:/Xilinx/Vivado/2019.2\lib\classes\batik-codec.jar;C:/Xilinx/Vivado/2019.2\lib\classes\batik-css.jar;C:/Xilinx/Vivado/2019.2\lib\classes\batik-dom.jar;C:/Xilinx/Vivado/2019.2\lib\classes\batik-ext.jar;C:/Xilinx/Vivado/2019.2\lib\classes\batik-gui-util.jar;C:/Xilinx/Vivado/2019.2\lib\classes\batik-gvt.jar;C:/Xilinx/Vivado/2019.2\lib\classes\batik-parser.jar;C:/Xilinx/Vivado/2019.2\lib\classes\batik-script.jar;C:/Xilinx/Vivado/2019.2\lib\classes\batik-svg-dom.jar;C:/Xilinx/Vivado/2019.2\lib\classes\batik-swing.jar;C:/Xilinx/Vivado/2019.2\lib\classes\batik-transcoder.jar;C:/Xilinx/Vivado/2019.2\lib\classes\batik-util.jar;C:/Xilinx/Vivado/2019.2\lib\classes\batik-xml.jar;C:/Xilinx/Vivado/2019.2\lib\classes\com.google.gson_2.7.0.v20170129-0911.jar;C:/Xilinx/Vivado/2019.2\lib\classes\com.google.guava_21.0.0.v20170206-1425.jar;C:/Xilinx/Vivado/2019.2\lib\classes\com.ibm.icu_4.4.2.v20110208.jar;C:/Xilinx/Vivado/2019.2\lib\classes\com.sigasi.hdt.connection_4.5.0.201909241521.jar;C:/Xilinx/Vivado/2019.2\lib\classes\com.sigasi.hdt.epl_4.5.0.201909241521.jar;C:/Xilinx/Vivado/2019.2\lib\classes\com.sigasi.hdt.project_4.5.0.201909241521.jar;C:/Xilinx/Vivado/2019.2\lib\classes\com.sigasi.hdt.readonlyfilesystem_4.5.0.201909241521.jar;C:/Xilinx/Vivado/2019.2\lib\classes\com.sigasi.lcm_4.5.0.201909241521.jar;C:/Xilinx/Vivado/2019.2\lib\classes\com.sigasi.sdk.client_4.5.0.201909241521.jar;C:/Xilinx/Vivado
Launcher Type: generic

Logging:
Log output configuration:
#0: stdout all=warning uptime,level,tags
#1: stderr all=off uptime,level,tags

Environment Variables:
JAVA_HOME=C:\Program Files\Eclipse Adoptium\jdk-17.0.4.101-hotspot\
PATH=C:/Xilinx/Vivado/2019.2\gnuwin\bin;C:/Xilinx/Vivado/2019.2\gnu\microblaze\nt\bin;C:/Xilinx/Vivado/2019.2/bin;C:/Xilinx/Vivado/2019.2/lib/win64.o;C:/Xilinx/Vivado/2019.2/tps/win64/jre9.0.4/bin/server;C:/Xilinx/Vivado/2019.2/tps/win64/jre9.0.4/bin;C:/Xilinx/Vivado/2019.2/ids_lite/ISE/bin/nt64;C:/Xilinx/Vivado/2019.2/ids_lite/ISE/lib/nt64;C:\ispLEVER_Classic2_1\ispcpld\bin;C:\ispLEVER_Classic2_1\ispFPGA\bin\nt;C:\Program Files\Eclipse Adoptium\jdk-17.0.4.101-hotspot\bin;C:\Program Files\Common Files\Oracle\Java\javapath;C:\Program Files (x86)\Common Files\Oracle\Java\javapath;C:\windows\system32;C:\windows;C:\windows\System32\Wbem;C:\windows\System32\WindowsPowerShell\v1.0\;C:\windows\System32\OpenSSH\;C:\python39;C:\Program Files\MATLAB\R2021a\bin;C:\Program Files\dotnet\;C:\Program Files\Microsoft SQL Server\Client SDK\ODBC\170\Tools\Binn\;C:\Program Files (x86)\dotnet\;C:/Xilinx/Vivado/2019.2\tps\mingw\6.2.0\win64.o\nt\bin;C:/Xilinx/Vivado/2019.2\tps\mingw\6.2.0\win64.o\nt\libexec\gcc\x86_64-w64-mingw32\6.2.0;C:/Xilinx/Vivado/2019.2\tps\win64\python-2.7.5;C:/Xilinx/Vivado/2019.2\tps\win64\python-2.7.5\bin;C:/Xilinx/Vivado/2019.2\tps\win64\python-2.7.5\lib;C:/Xilinx/Vivado/2019.2\tps\win64\python-2.7.5\Lib\lib-tk;C:/Xilinx/Vivado/2019.2\tps\win64\python-2.7.5\lib\site-packages
USERNAME=cyhc4
OS=Windows_NT
PROCESSOR_IDENTIFIER=Intel64 Family 6 Model 142 Stepping 12, GenuineIntel



---------------  S Y S T E M  ---------------

OS: Windows 10 , 64 bit Build 19041 (10.0.19041.3393)

CPU:total 4 (initial active 4) (2 cores per cpu, 2 threads per core) family 6 model 142 stepping 12, cmov, cx8, fxsr, mmx, sse, sse2, sse3, ssse3, sse4.1, sse4.2, popcnt, aes, clmul, erms, 3dnowpref, lzcnt, ht, tsc, tscinvbit

Memory: 4k page, physical 8265012k(1338068k free), swap 17817572k(3336804k free)

vm_info: Java HotSpot(TM) 64-Bit Server VM (9.0.4+11) for windows-amd64 JRE (9.0.4+11), built on Dec 20 2017 02:18:54 by "mach5one" with MS VC++ 12.0 (VS2013)

END.
